#
# There is insufficient memory for the Java Runtime Environment to continue.
# Native memory allocation (mmap) failed to map 65536 bytes. Error detail: Failed to commit metaspace.
# Possible reasons:
#   The system is out of physical RAM or swap space
#   This process is running with CompressedOops enabled, and the Java Heap may be blocking the growth of the native heap
# Possible solutions:
#   Reduce memory load on the system
#   Increase physical memory or swap space
#   Check if swap backing store is full
#   Decrease Java heap size (-Xmx/-Xms)
#   Decrease number of Java threads
#   Decrease Java thread stack sizes (-Xss)
#   Set larger code cache with -XX:ReservedCodeCacheSize=
#   JVM is running with Unscaled Compressed Oops mode in which the Java heap is
#     placed in the first 4GB address space. The Java Heap base address is the
#     maximum limit for the native heap growth. Please use -XX:HeapBaseMinAddress
#     to set the Java Heap base and to place the Java Heap above 4GB virtual address.
# This output file may be truncated or incomplete.
#
#  Out of Memory Error (virtualSpaceNode.cpp:113), pid=770740, tid=759416
#
# JRE version: OpenJDK Runtime Environment Temurin-21.0.8+9 (21.0.8+9) (build 21.0.8+9-LTS)
# Java VM: OpenJDK 64-Bit Server VM Temurin-21.0.8+9 (21.0.8+9-LTS, mixed mode, sharing, tiered, compressed oops, compressed class ptrs, parallel gc, windows-amd64)
# No core dump will be written. Minidumps are not enabled by default on client versions of Windows
#

---------------  S U M M A R Y ------------

Command Line: --add-modules=ALL-SYSTEM --add-opens=java.base/java.util=ALL-UNNAMED --add-opens=java.base/java.lang=ALL-UNNAMED --add-opens=java.base/sun.nio.fs=ALL-UNNAMED -Declipse.application=org.eclipse.jdt.ls.core.id1 -Dosgi.bundles.defaultStartLevel=4 -Declipse.product=org.eclipse.jdt.ls.core.product -Djava.import.generatesMetadataFilesAtProjectRoot=false -DDetectVMInstallationsJob.disabled=true -Dfile.encoding=utf8 -XX:+UseParallelGC -XX:GCTimeRatio=4 -XX:AdaptiveSizePolicyWeight=90 -Dsun.zip.disableMemoryMapping=true -Xmx2G -Xms100m -Xlog:disable -javaagent:c:\Users\Admin\.vscode\extensions\redhat.java-1.45.0-win32-x64\lombok\lombok-1.18.39-4050.jar -XX:+HeapDumpOnOutOfMemoryError -XX:HeapDumpPath=c:\Users\Admin\AppData\Roaming\Code\User\workspaceStorage\e1ef7433ddd18fa6247ea0c0398211e3\redhat.java -Daether.dependencyCollector.impl=bf c:\Users\Admin\.vscode\extensions\redhat.java-1.45.0-win32-x64\server\plugins\org.eclipse.equinox.launcher_1.7.0.v20250519-0528.jar -configuration c:\Users\Admin\AppData\Roaming\Code\User\globalStorage\redhat.java\1.45.0\config_win -data c:\Users\Admin\AppData\Roaming\Code\User\workspaceStorage\e1ef7433ddd18fa6247ea0c0398211e3\redhat.java\jdt_ws --pipe=\\.\pipe\lsp-24886731f9155d40a2d4612b19c6162e-sock

Host: Intel(R) Core(TM) i5-10210U CPU @ 1.60GHz, 8 cores, 11G,  Windows 10 , 64 bit Build 19041 (10.0.19041.3636)
Time: Sat Nov  8 13:39:59 2025 SE Asia Standard Time elapsed time: 21.050671 seconds (0d 0h 0m 21s)

---------------  T H R E A D  ---------------

Current thread (0x000001940f15c960):  JavaThread "main"             [_thread_in_vm, id=759416, stack(0x0000006083600000,0x0000006083700000) (1024K)]

Stack: [0x0000006083600000,0x0000006083700000]
Native frames: (J=compiled Java code, j=interpreted, Vv=VM code, C=native code)
V  [jvm.dll+0x6d2449]
V  [jvm.dll+0x8ae341]
V  [jvm.dll+0x8b08be]
V  [jvm.dll+0x8b0fa3]
V  [jvm.dll+0x280c96]
V  [jvm.dll+0x8aa07e]
V  [jvm.dll+0x6745b5]
V  [jvm.dll+0x1e5b2c]
V  [jvm.dll+0x1e58fe]
V  [jvm.dll+0x676eb2]
V  [jvm.dll+0x676cd2]
V  [jvm.dll+0x674f8e]
V  [jvm.dll+0x26bc76]
V  [jvm.dll+0x217447]
V  [jvm.dll+0x20cece]
V  [jvm.dll+0x5b19dc]
V  [jvm.dll+0x82776d]
V  [jvm.dll+0x474932]
V  [jvm.dll+0x487d46]
C  [java.dll+0x1657]

Java frames: (J=compiled Java code, j=interpreted, Vv=VM code)
J 910  java.lang.ClassLoader.defineClass0(Ljava/lang/ClassLoader;Ljava/lang/Class;Ljava/lang/String;[BIILjava/security/ProtectionDomain;ZILjava/lang/Object;)Ljava/lang/Class; java.base@21.0.8 (0 bytes) @ 0x000001941c22883c [0x000001941c228740+0x00000000000000fc]
j  java.lang.System$2.defineClass(Ljava/lang/ClassLoader;Ljava/lang/Class;Ljava/lang/String;[BLjava/security/ProtectionDomain;ZILjava/lang/Object;)Ljava/lang/Class;+17 java.base@21.0.8
j  java.lang.invoke.MethodHandles$Lookup$ClassDefiner.defineClass(ZLjava/lang/Object;)Ljava/lang/Class;+57 java.base@21.0.8
j  java.lang.invoke.InvokerBytecodeGenerator.loadMethod([B)Ljava/lang/invoke/MemberName;+22 java.base@21.0.8
j  java.lang.invoke.InvokerBytecodeGenerator.generateCustomizedCode(Ljava/lang/invoke/LambdaForm;Ljava/lang/invoke/MethodType;)Ljava/lang/invoke/MemberName;+30 java.base@21.0.8
j  java.lang.invoke.LambdaForm.compileToBytecode()V+69 java.base@21.0.8
J 781 c1 java.lang.invoke.LambdaForm.prepare()V java.base@21.0.8 (108 bytes) @ 0x000001941482976c [0x00000194148295e0+0x000000000000018c]
J 617 c1 java.lang.invoke.MethodHandle.<init>(Ljava/lang/invoke/MethodType;Ljava/lang/invoke/LambdaForm;)V java.base@21.0.8 (37 bytes) @ 0x00000194147e11c4 [0x00000194147e0fa0+0x0000000000000224]
J 1037 c1 java.lang.invoke.BoundMethodHandle.<init>(Ljava/lang/invoke/MethodType;Ljava/lang/invoke/LambdaForm;)V java.base@21.0.8 (32 bytes) @ 0x000001941489f4d4 [0x000001941489f440+0x0000000000000094]
j  java.lang.invoke.BoundMethodHandle$Species_LL.<init>(Ljava/lang/invoke/MethodType;Ljava/lang/invoke/LambdaForm;Ljava/lang/Object;Ljava/lang/Object;)V+3 java.base@21.0.8
j  java.lang.invoke.BoundMethodHandle$Species_LL.make(Ljava/lang/invoke/MethodType;Ljava/lang/invoke/LambdaForm;Ljava/lang/Object;Ljava/lang/Object;)Ljava/lang/invoke/BoundMethodHandle;+8 java.base@21.0.8
j  java.lang.invoke.DirectMethodHandle$Holder.invokeStatic(Ljava/lang/Object;Ljava/lang/Object;Ljava/lang/Object;Ljava/lang/Object;Ljava/lang/Object;)Ljava/lang/Object;+16 java.base@21.0.8
j  java.lang.invoke.BoundMethodHandle$Species_L.copyWithExtendL(Ljava/lang/invoke/MethodType;Ljava/lang/invoke/LambdaForm;Ljava/lang/Object;)Ljava/lang/invoke/BoundMethodHandle;+19 java.base@21.0.8
j  java.lang.invoke.MethodHandleImpl.makePairwiseConvertByEditor(Ljava/lang/invoke/MethodHandle;Ljava/lang/invoke/MethodType;ZZ)Ljava/lang/invoke/MethodHandle;+400 java.base@21.0.8
j  java.lang.invoke.MethodHandleImpl.makePairwiseConvert(Ljava/lang/invoke/MethodHandle;Ljava/lang/invoke/MethodType;ZZ)Ljava/lang/invoke/MethodHandle;+18 java.base@21.0.8
j  java.lang.invoke.MethodHandleImpl.makePairwiseConvert(Ljava/lang/invoke/MethodHandle;Ljava/lang/invoke/MethodType;Z)Ljava/lang/invoke/MethodHandle;+4 java.base@21.0.8
j  java.lang.invoke.MethodHandle.asTypeUncached(Ljava/lang/invoke/MethodType;)Ljava/lang/invoke/MethodHandle;+50 java.base@21.0.8
j  java.lang.invoke.MethodHandle.asType(Ljava/lang/invoke/MethodType;)Ljava/lang/invoke/MethodHandle;+25 java.base@21.0.8
j  jdk.internal.reflect.MethodHandleAccessorFactory.makeSpecializedTarget(Ljava/lang/invoke/MethodHandle;ZZ)Ljava/lang/invoke/MethodHandle;+93 java.base@21.0.8
j  jdk.internal.reflect.MethodHandleAccessorFactory.getDirectMethod(Ljava/lang/reflect/Method;Z)Ljava/lang/invoke/MethodHandle;+79 java.base@21.0.8
j  jdk.internal.reflect.MethodHandleAccessorFactory.newMethodAccessor(Ljava/lang/reflect/Method;Z)Ljdk/internal/reflect/MethodAccessorImpl;+41 java.base@21.0.8
j  jdk.internal.reflect.ReflectionFactory.newMethodAccessor(Ljava/lang/reflect/Method;Z)Ljdk/internal/reflect/MethodAccessor;+28 java.base@21.0.8
j  java.lang.reflect.Method.acquireMethodAccessor()Ljdk/internal/reflect/MethodAccessor;+38 java.base@21.0.8
J 1251 c1 java.lang.reflect.Method.invoke(Ljava/lang/Object;[Ljava/lang/Object;)Ljava/lang/Object; java.base@21.0.8 (108 bytes) @ 0x00000194149098f4 [0x00000194149095c0+0x0000000000000334]
j  org.eclipse.core.runtime.internal.adaptor.DefaultStartupMonitor.update()V+16
j  org.eclipse.core.runtime.adaptor.EclipseStarter.updateSplash(Ljava/util/concurrent/Semaphore;Lorg/eclipse/core/runtime/adaptor/EclipseStarter$StartupEventListener;)V+40
j  org.eclipse.core.runtime.adaptor.EclipseStarter.refreshPackages([Lorg/osgi/framework/Bundle;)Z+74
j  org.eclipse.core.runtime.adaptor.EclipseStarter.loadBasicBundles()[Lorg/osgi/framework/Bundle;+168
j  org.eclipse.core.runtime.adaptor.EclipseStarter.startup([Ljava/lang/String;Ljava/lang/Runnable;)Lorg/osgi/framework/BundleContext;+153
j  org.eclipse.core.runtime.adaptor.EclipseStarter.run([Ljava/lang/String;Ljava/lang/Runnable;)Ljava/lang/Object;+21
j  java.lang.invoke.DirectMethodHandle$Holder.invokeStatic(Ljava/lang/Object;Ljava/lang/Object;Ljava/lang/Object;)Ljava/lang/Object;+11 java.base@21.0.8
j  java.lang.invoke.LambdaForm$MH+0x000001942908a800.invoke(Ljava/lang/Object;Ljava/lang/Object;Ljava/lang/Object;Ljava/lang/Object;)Ljava/lang/Object;+54 java.base@21.0.8
j  java.lang.invoke.LambdaForm$MH+0x0000019429002c00.invokeExact_MT(Ljava/lang/Object;Ljava/lang/Object;Ljava/lang/Object;Ljava/lang/Object;Ljava/lang/Object;)Ljava/lang/Object;+22 java.base@21.0.8
j  jdk.internal.reflect.DirectMethodHandleAccessor.invokeImpl(Ljava/lang/Object;[Ljava/lang/Object;)Ljava/lang/Object;+72 java.base@21.0.8
j  jdk.internal.reflect.DirectMethodHandleAccessor.invoke(Ljava/lang/Object;[Ljava/lang/Object;)Ljava/lang/Object;+23 java.base@21.0.8
j  java.lang.reflect.Method.invoke(Ljava/lang/Object;[Ljava/lang/Object;)Ljava/lang/Object;+102 java.base@21.0.8
j  org.eclipse.equinox.launcher.Main.invokeFramework([Ljava/lang/String;[Ljava/net/URL;)V+155
j  org.eclipse.equinox.launcher.Main.basicRun([Ljava/lang/String;)V+191
j  org.eclipse.equinox.launcher.Main.run([Ljava/lang/String;)I+4
j  org.eclipse.equinox.launcher.Main.main([Ljava/lang/String;)V+10
v  ~StubRoutines::call_stub 0x000001941bc3100d

Compiled method (n/a) 21082  910     n 0       java.lang.ClassLoader::defineClass0 (native)
 total in heap  [0x000001941c228590,0x000001941c228a48] = 1208
 relocation     [0x000001941c2286f0,0x000001941c228728] = 56
 main code      [0x000001941c228740,0x000001941c228a41] = 769
 stub code      [0x000001941c228a41,0x000001941c228a48] = 7

[Constant Pool (empty)]

[MachCode]
[Entry Point]
  # {method} {0x0000019428436800} 'defineClass0' '(Ljava/lang/ClassLoader;Ljava/lang/Class;Ljava/lang/String;[BIILjava/security/ProtectionDomain;ZILjava/lang/Object;)Ljava/lang/Class;' in 'java/lang/ClassLoader'
  # parm0:    rdx:rdx   = 'java/lang/ClassLoader'
  # parm1:    r8:r8     = 'java/lang/Class'
  # parm2:    r9:r9     = 'java/lang/String'
  # parm3:    rdi:rdi   = '[B'
  # parm4:    rsi       = int
  # parm5:    rcx       = int
  # parm6:    [sp+0xb0]   = 'java/security/ProtectionDomain'  (sp of caller)
  # parm7:    [sp+0xb8]   = boolean
  # parm8:    [sp+0xc0]   = int
  # parm9:    [sp+0xc8]   = 'java/lang/Object'
  0x000001941c228740: 448b 5208 | 49bb 0000 | 0028 9401 | 0000 4d03 | d349 3bc2 | 0f84 0600 

  0x000001941c228758: ;   {runtime_call ic_miss_stub}
  0x000001941c228758: 0000 e921 | 5da5 ff90 
[Verified Entry Point]
  0x000001941c228760: 8984 2400 | 80ff ff55 | 488b ec48 | 81ec a000 | 0000 6690 | 4181 7f20 | 0100 0000 

  0x000001941c22877c: ;   {runtime_call StubRoutines (final stubs)}
  0x000001941c22877c: 7405 e85d | 02a4 ff48 | 837d 2800 | 488d 4528 | 480f 4445 | 2848 8944 | 2458 4863 | 4520 4889 
  0x000001941c22879c: 4424 5048 | 6345 1848 | 8944 2448 | 4883 7d10 | 0048 8d45 | 1048 0f44 | 4510 4889 | 4424 4048 
  0x000001941c2287bc: 894c 2438 | 4889 7424 | 3048 897c | 2478 4883 | ff00 488d | 4424 7848 | 0f44 4424 | 7848 8944 
  0x000001941c2287dc: 2428 4c89 | 4c24 7049 | 83f9 0048 | 8d44 2470 | 480f 4444 | 2470 4889 | 4424 204c | 8944 2468 
  0x000001941c2287fc: 4983 f800 | 4c8d 4c24 | 684c 0f44 | 4c24 6848 | 8954 2460 | 4883 fa00 | 4c8d 4424 | 604c 0f44 
  0x000001941c22881c: ;   {oop(a 'java/lang/Class'{0x00000000d72e3ba8} = 'java/lang/ClassLoader')}
  0x000001941c22881c: 4424 6049 | bea8 3b2e | d700 0000 | 004c 89b4 | 2490 0000 | 004c 8db4 | 2490 0000 | 0049 8bd6 
  0x000001941c22883c: ;   {internal_word}
  0x000001941c22883c: c5f8 7749 | ba3c 8822 | 1c94 0100 | 004d 8997 | a003 0000 | 4989 a798 

  0x000001941c228854: ;   {external_word}
  0x000001941c228854: 0300 0049 | ba56 cc9c | 51f9 7f00 | 0041 803a | 000f 844e | 0000 0052 | 4150 4151 

  0x000001941c228870: ;   {metadata({method} {0x0000019428436800} 'defineClass0' '(Ljava/lang/ClassLoader;Ljava/lang/Class;Ljava/lang/String;[BIILjava/security/ProtectionDomain;ZILjava/lang/Object;)Ljava/lang/Class;' in 'java/lang/ClassLoader')}
  0x000001941c228870: 48ba f867 | 4328 9401 | 0000 498b | cf48 83ec | 2040 f6c4 | 0f0f 8419 | 0000 0048 

  0x000001941c22888c: ;   {runtime_call}
  0x000001941c22888c: 83ec 0848 | b890 8d46 | 51f9 7f00 | 00ff d048 | 83c4 08e9 | 0c00 0000 

  0x000001941c2288a4: ;   {runtime_call}
  0x000001941c2288a4: 48b8 908d | 4651 f97f | 0000 ffd0 | 4883 c420 | 4159 4158 | 5a49 8d8f | b803 0000 | 41c7 8744 
  0x000001941c2288c4: 0400 0004 

  0x000001941c2288c8: ;   {runtime_call}
  0x000001941c2288c8: 0000 0048 | b81c 15ee | 5df9 7f00 | 00ff d0c5 | f877 41c7 | 8744 0400 | 0005 0000 | 00f0 8344 
  0x000001941c2288e8: 24c0 0049 | 3baf 4804 | 0000 0f87 | 0e00 0000 | 4183 bf40 | 0400 0000 | 0f84 2b00 | 0000 c5f8 
  0x000001941c228908: 7748 8945 | f849 8bcf | 4c8b e448 | 83ec 2048 

  0x000001941c228918: ;   {runtime_call}
  0x000001941c228918: 83e4 f048 | b820 fa11 | 51f9 7f00 | 00ff d049 | 8be4 4d33 | e448 8b45 | f841 c787 | 4404 0000 
  0x000001941c228938: 0800 0000 | 4183 bfc0 | 0400 0002 | 0f84 ca00 

  0x000001941c228948: ;   {external_word}
  0x000001941c228948: 0000 49ba | 56cc 9c51 | f97f 0000 | 4180 3a00 | 0f84 4c00 | 0000 4889 

  0x000001941c228960: ;   {metadata({method} {0x0000019428436800} 'defineClass0' '(Ljava/lang/ClassLoader;Ljava/lang/Class;Ljava/lang/String;[BIILjava/security/ProtectionDomain;ZILjava/lang/Object;)Ljava/lang/Class;' in 'java/lang/ClassLoader')}
  0x000001941c228960: 45f8 48ba | f867 4328 | 9401 0000 | 498b cf48 | 83ec 2040 | f6c4 0f0f | 8419 0000 | 0048 83ec 
  0x000001941c228980: ;   {runtime_call}
  0x000001941c228980: 0848 b890 | 8d46 51f9 | 7f00 00ff | d048 83c4 | 08e9 0c00 

  0x000001941c228994: ;   {runtime_call}
  0x000001941c228994: 0000 48b8 | 908d 4651 | f97f 0000 | ffd0 4883 | c420 488b | 45f8 49c7 | 8798 0300 | 0000 0000 
  0x000001941c2289b4: 0049 c787 | a003 0000 | 0000 0000 | c5f8 7748 | 85c0 0f84 | 2500 0000 | a803 0f85 | 0800 0000 
  0x000001941c2289d4: 488b 00e9 | 1500 0000 | a801 0f85 | 0900 0000 | 488b 40fe | e904 0000 | 0048 8b40 | ff49 8b8f 
  0x000001941c2289f4: 2804 0000 | c781 0001 | 0000 0000 | 0000 c949 | 837f 0800 | 0f85 0100 

  0x000001941c228a0c: ;   {runtime_call StubRoutines (initial stubs)}
  0x000001941c228a0c: 0000 c3e9 | ec84 a0ff | c5f8 7748 | 8945 f84c | 8be4 4883 | ec20 4883 

  0x000001941c228a24: ;   {runtime_call}
  0x000001941c228a24: e4f0 48b8 | 30c5 4651 | f97f 0000 | ffd0 498b | e44d 33e4 | 488b 45f8 | e909 ffff | fff4 f4f4 
  0x000001941c228a44: f4f4 f4f4 
[/MachCode]


Compiled method (c1) 21096  781       3       java.lang.invoke.LambdaForm::prepare (108 bytes)
 total in heap  [0x0000019414829390,0x0000019414829fb0] = 3104
 relocation     [0x00000194148294f0,0x00000194148295d0] = 224
 main code      [0x00000194148295e0,0x0000019414829c80] = 1696
 stub code      [0x0000019414829c80,0x0000019414829d18] = 152
 metadata       [0x0000019414829d18,0x0000019414829d60] = 72
 scopes data    [0x0000019414829d60,0x0000019414829e18] = 184
 scopes pcs     [0x0000019414829e18,0x0000019414829f58] = 320
 dependencies   [0x0000019414829f58,0x0000019414829f70] = 24
 nul chk table  [0x0000019414829f70,0x0000019414829fb0] = 64

[Constant Pool (empty)]

[MachCode]
[Entry Point]
  # {method} {0x0000019428090430} 'prepare' '()V' in 'java/lang/invoke/LambdaForm'
  #           [sp+0x70]  (sp of caller)
  0x00000194148295e0: 448b 5208 | 49bb 0000 | 0028 9401 | 0000 4d03 | d34c 3bd0 

  0x00000194148295f4: ;   {runtime_call ic_miss_stub}
  0x00000194148295f4: 0f85 864e | 4507 660f | 1f44 0000 
[Verified Entry Point]
  0x0000019414829600: 8984 2400 | 80ff ff55 | 4883 ec60 | 4181 7f20 | 0100 0000 

  0x0000019414829614: ;   {runtime_call StubRoutines (final stubs)}
  0x0000019414829614: 7405 e8c5 | f343 0748 | 8954 2438 

  0x0000019414829620: ;   {metadata(method data for {method} {0x0000019428090430} 'prepare' '()V' in 'java/lang/invoke/LambdaForm')}
  0x0000019414829620: 48be b004 | 166b 9401 | 0000 8bbe | cc00 0000 | 83c7 0289 | becc 0000 | 0081 e7fe | 0700 0085 
  0x0000019414829640: ff0f 8442 

  0x0000019414829644: ;   {metadata(method data for {method} {0x0000019428090430} 'prepare' '()V' in 'java/lang/invoke/LambdaForm')}
  0x0000019414829644: 0500 0048 | beb0 0416 | 6b94 0100 | 00ff 8620 | 0100 0048 

  0x0000019414829658: ;   {metadata(method data for {method} {0x0000019428090430} 'prepare' '()V' in 'java/lang/invoke/LambdaForm')}
  0x0000019414829658: 8bf2 48bf | b004 166b | 9401 0000 | 4883 8730 | 0100 0001 

  0x000001941482966c: ;   {metadata(method data for {method} {0x00000194283fa630} 'forceInterpretation' '()Z' in 'java/lang/invoke/LambdaForm')}
  0x000001941482966c: 48be a05e | 096b 9401 | 0000 8bbe | cc00 0000 | 83c7 0289 | becc 0000 | 0081 e7fe | ff1f 0085 
  0x000001941482968c: ff0f 8417 | 0500 008b | 7214 83fe 

  0x0000019414829698: ;   {metadata(method data for {method} {0x00000194283fa630} 'forceInterpretation' '()Z' in 'java/lang/invoke/LambdaForm')}
  0x0000019414829698: ff48 bea0 | 5e09 6b94 | 0100 0048 | c7c7 1001 | 0000 7507 | 48c7 c720 | 0100 0048 | 8b1c 3e48 
  0x00000194148296b8: 8d5b 0148 | 891c 3e0f | 851a 0000 

  0x00000194148296c4: ;   {metadata(method data for {method} {0x00000194283fa630} 'forceInterpretation' '()Z' in 'java/lang/invoke/LambdaForm')}
  0x00000194148296c4: 0048 bea0 | 5e09 6b94 | 0100 00ff | 8630 0100 | 00be 0100 | 0000 e905 | 0000 00be | 0000 0000 
  0x00000194148296e4: 83e6 0185 

  0x00000194148296e8: ;   {metadata(method data for {method} {0x0000019428090430} 'prepare' '()V' in 'java/lang/invoke/LambdaForm')}
  0x00000194148296e8: f648 beb0 | 0416 6b94 | 0100 0048 | c7c7 6801 | 0000 7507 | 48c7 c778 | 0100 0048 | 8b1c 3e48 
  0x0000019414829708: 8d5b 0148 | 891c 3e0f | 8564 0000 | 000f be72 

  0x0000019414829718: ;   {metadata(method data for {method} {0x0000019428090430} 'prepare' '()V' in 'java/lang/invoke/LambdaForm')}
  0x0000019414829718: 1985 f648 | beb0 0416 | 6b94 0100 | 0048 c7c7 | 8801 0000 | 7507 48c7 | c798 0100 | 0048 8b1c 
  0x0000019414829738: 3e48 8d5b | 0148 891c | 3e0f 8532 | 0000 0048 

  0x0000019414829748: ;   {metadata(method data for {method} {0x0000019428090430} 'prepare' '()V' in 'java/lang/invoke/LambdaForm')}
  0x0000019414829748: 8bf2 48bf | b004 166b | 9401 0000 | 4883 87c0 | 0100 0001 | 488b f248 | 8bd6 0f1f 

  0x0000019414829764: ;   {optimized virtual_call}
  0x0000019414829764: 4400 00e8 

  0x0000019414829768: ; ImmutableOopMap {[56]=Oop }
                      ;*invokevirtual compileToBytecode {reexecute=0 rethrow=0 return_oop=0}
                      ; - java.lang.invoke.LambdaForm::prepare@21
  0x0000019414829768: 1905 0000 

  0x000001941482976c: ;   {other}
  0x000001941482976c: 0f1f 8400 | dc03 0000 | 488b 5424 | 388b 7228 

  0x000001941482977c: ;   {metadata(method data for {method} {0x0000019428090430} 'prepare' '()V' in 'java/lang/invoke/LambdaForm')}
  0x000001941482977c: 4885 f648 | beb0 0416 | 6b94 0100 | 0048 c7c7 | f001 0000 | 7507 48c7 | c7e0 0100 | 0048 8b1c 
  0x000001941482979c: 3e48 8d5b | 0148 891c | 3e0f 85cb | 0300 0048 

  0x00000194148297ac: ;   {metadata(method data for {method} {0x0000019428090430} 'prepare' '()V' in 'java/lang/invoke/LambdaForm')}
  0x00000194148297ac: 8bf2 48bf | b004 166b | 9401 0000 

  0x00000194148297b8: ;   {metadata('java/lang/invoke/LambdaForm')}
  0x00000194148297b8: 49ba 78fd | 0828 9401 | 0000 4c89 | 9710 0200 | 0048 8387 | 1802 0000 | 0148 8bf2 

  0x00000194148297d4: ;   {optimized virtual_call}
  0x00000194148297d4: 488b d6e8 

  0x00000194148297d8: ; ImmutableOopMap {[56]=Oop }
                      ;*invokevirtual methodType {reexecute=0 rethrow=0 return_oop=0}
                      ; - java.lang.invoke.LambdaForm::prepare@33
  0x00000194148297d8: a44f 4507 

  0x00000194148297dc: ;   {other}
  0x00000194148297dc: 0f1f 8400 | 4c04 0001 | 4889 4424 | 4048 3b00 

  0x00000194148297ec: ;   {metadata(method data for {method} {0x0000019428090430} 'prepare' '()V' in 'java/lang/invoke/LambdaForm')}
  0x00000194148297ec: 488b d048 | beb0 0416 | 6b94 0100 | 0048 8386 | 3802 0000 | 018b 5014 

  0x0000019414829804: ; implicit exception: dispatches to 0x0000019414829bd0
  0x0000019414829804: 483b 0248 

  0x0000019414829808: ;   {metadata(method data for {method} {0x0000019428090430} 'prepare' '()V' in 'java/lang/invoke/LambdaForm')}
  0x0000019414829808: 8bf2 48bf | b004 166b | 9401 0000 | 4883 8770 | 0200 0001 

  0x000001941482981c: ;   {metadata(method data for {method} {0x00000194283f9500} 'cachedLambdaForm' '(I)Ljava/lang/invoke/LambdaForm;' in 'java/lang/invoke/MethodTypeForm')}
  0x000001941482981c: 48be 408b | 246b 9401 | 0000 8bbe | cc00 0000 | 83c7 0289 | becc 0000 | 0081 e7fe | ff1f 0085 
  0x000001941482983c: ff0f 8492 | 0300 008b | 521c 8b72 | 0c83 fe06 | 0f86 a903 | 0000 8b52 | 2848 85d2 

  0x0000019414829858: ;   {metadata(method data for {method} {0x00000194283f9500} 'cachedLambdaForm' '(I)Ljava/lang/invoke/LambdaForm;' in 'java/lang/invoke/MethodTypeForm')}
  0x0000019414829858: 48be 408b | 246b 9401 | 0000 48c7 | c710 0100 | 0074 0748 | c7c7 2001 | 0000 488b | 1c3e 488d 
  0x0000019414829878: 5b01 4889 | 1c3e 0f84 | a701 0000 

  0x0000019414829884: ; implicit exception: dispatches to 0x0000019414829c0d
  0x0000019414829884: 483b 0248 

  0x0000019414829888: ;   {metadata(method data for {method} {0x00000194283f9500} 'cachedLambdaForm' '(I)Ljava/lang/invoke/LambdaForm;' in 'java/lang/invoke/MethodTypeForm')}
  0x0000019414829888: 8bf2 48bf | 408b 246b | 9401 0000 | 8b76 0849 | ba00 0000 | 2894 0100 | 0049 03f2 | 483b b740 
  0x00000194148298a8: 0100 0075 | 0d48 8387 | 4801 0000 | 01e9 6000 | 0000 483b | b750 0100 | 0075 0d48 | 8387 5801 
  0x00000194148298c8: 0000 01e9 | 4a00 0000 | 4883 bf40 | 0100 0000 | 7517 4889 | b740 0100 | 0048 c787 | 4801 0000 
  0x00000194148298e8: 0100 0000 | e929 0000 | 0048 83bf | 5001 0000 | 0075 1748 | 89b7 5001 | 0000 48c7 | 8758 0100 
  0x0000019414829908: 0001 0000 | 00e9 0800 | 0000 4883 | 8730 0100 | 0001 0f1f 

  0x000001941482991c: ;   {optimized virtual_call}
  0x000001941482991c: 4400 00e8 

  0x0000019414829920: ; ImmutableOopMap {[56]=Oop [64]=Oop }
                      ;*invokevirtual get {reexecute=0 rethrow=0 return_oop=0}
                      ; - java.lang.invoke.MethodTypeForm::cachedLambdaForm@12
                      ; - java.lang.invoke.LambdaForm::prepare@43
  0x0000019414829920: 5c4e 4507 

  0x0000019414829924: ;   {other}
  0x0000019414829924: 0f1f 8400 | 9405 0002 | 4885 c075 

  0x0000019414829930: ;   {metadata(method data for {method} {0x00000194283f9500} 'cachedLambdaForm' '(I)Ljava/lang/invoke/LambdaForm;' in 'java/lang/invoke/MethodTypeForm')}
  0x0000019414829930: 1648 bf40 | 8b24 6b94 | 0100 0080 | 8f61 0100 | 0001 e9cc 

  0x0000019414829944: ;   {metadata('java/lang/invoke/LambdaForm')}
  0x0000019414829944: 0000 0048 | bb78 fd08 | 2894 0100 | 008b 7008 | 49ba 0000 | 0028 9401 | 0000 4903 | f248 3bde 
  0x0000019414829964: 0f85 8d00 

  0x0000019414829968: ;   {metadata(method data for {method} {0x00000194283f9500} 'cachedLambdaForm' '(I)Ljava/lang/invoke/LambdaForm;' in 'java/lang/invoke/MethodTypeForm')}
  0x0000019414829968: 0000 48bf | 408b 246b | 9401 0000 | 8b58 0849 | ba00 0000 | 2894 0100 | 0049 03da | 483b 9f78 
  0x0000019414829988: 0100 0075 | 0d48 8387 | 8001 0000 | 01e9 7900 | 0000 483b | 9f88 0100 | 0075 0d48 | 8387 9001 
  0x00000194148299a8: 0000 01e9 | 6300 0000 | 4883 bf78 | 0100 0000 | 7517 4889 | 9f78 0100 | 0048 c787 | 8001 0000 
  0x00000194148299c8: 0100 0000 | e942 0000 | 0048 83bf | 8801 0000 | 0075 1748 | 899f 8801 | 0000 48c7 | 8790 0100 
  0x00000194148299e8: 0001 0000 | 00e9 2100 | 0000 e91c 

  0x00000194148299f4: ;   {metadata(method data for {method} {0x00000194283f9500} 'cachedLambdaForm' '(I)Ljava/lang/invoke/LambdaForm;' in 'java/lang/invoke/MethodTypeForm')}
  0x00000194148299f4: 0000 0048 | bf40 8b24 | 6b94 0100 | 0048 83af | 6801 0000 | 01e9 0402 | 0000 e900 | 0000 0048 
  0x0000019414829a14: ;   {metadata(method data for {method} {0x00000194283f9500} 'cachedLambdaForm' '(I)Ljava/lang/invoke/LambdaForm;' in 'java/lang/invoke/MethodTypeForm')}
  0x0000019414829a14: 8bd0 48be | 408b 246b | 9401 0000 | ff86 a001 | 0000 e90a 

  0x0000019414829a28: ;   {oop(nullptr)}
  0x0000019414829a28: 0000 0048 | ba00 0000 | 0000 0000 | 0048 85d2 

  0x0000019414829a38: ;   {metadata(method data for {method} {0x0000019428090430} 'prepare' '()V' in 'java/lang/invoke/LambdaForm')}
  0x0000019414829a38: 48be b004 | 166b 9401 | 0000 48c7 | c7a8 0200 | 0075 0748 | c7c7 b802 | 0000 488b | 1c3e 488d 
  0x0000019414829a58: 5b01 4889 | 1c3e 0f85 | db00 0000 

  0x0000019414829a64: ;   {metadata(method data for {method} {0x0000019428090430} 'prepare' '()V' in 'java/lang/invoke/LambdaForm')}
  0x0000019414829a64: 48ba b004 | 166b 9401 | 0000 ff82 | c802 0000 | 488b 4424 

  0x0000019414829a78: ;   {metadata(method data for {method} {0x0000019428090430} 'prepare' '()V' in 'java/lang/invoke/LambdaForm')}
  0x0000019414829a78: 4048 bab0 | 0416 6b94 | 0100 0048 | 8382 6003 | 0000 0148 

  0x0000019414829a8c: ;   {static_call}
  0x0000019414829a8c: 8bd0 90e8 

  0x0000019414829a90: ; ImmutableOopMap {[56]=Oop [64]=Oop }
                      ;*invokestatic createBlankForType {reexecute=0 rethrow=0 return_oop=0}
                      ; - java.lang.invoke.LambdaForm::prepare@76
  0x0000019414829a90: ec52 4507 

  0x0000019414829a94: ;   {other}
  0x0000019414829a94: 0f1f 8400 | 0407 0003 

  0x0000019414829a9c: ;   {metadata(method data for {method} {0x0000019428090430} 'prepare' '()V' in 'java/lang/invoke/LambdaForm')}
  0x0000019414829a9c: 48ba b004 | 166b 9401 | 0000 4883 | 8270 0300 | 0001 488b | 5424 4048 | 8944 2448 | 0f1f 8000 
  0x0000019414829abc: ;   {static_call}
  0x0000019414829abc: 0000 00e8 

  0x0000019414829ac0: ; ImmutableOopMap {[56]=Oop [64]=Oop [72]=Oop }
                      ;*invokestatic generateLambdaFormInterpreterEntryPoint {reexecute=0 rethrow=0 return_oop=0}
                      ; - java.lang.invoke.LambdaForm::prepare@82
  0x0000019414829ac0: bc52 4507 

  0x0000019414829ac4: ;   {other}
  0x0000019414829ac4: 0f1f 8400 | 3407 0004 | 4c8b 4c24 | 484c 8bd0 

  0x0000019414829ad4: ; implicit exception: dispatches to 0x0000019414829c1b
  0x0000019414829ad4: 4589 5128 | 4d8d 0149 | c1e8 0948 | ba00 00ab | 1094 0100 | 0041 c604 | 1000 488b 

  0x0000019414829af0: ;   {metadata(method data for {method} {0x0000019428090430} 'prepare' '()V' in 'java/lang/invoke/LambdaForm')}
  0x0000019414829af0: 4424 4049 | b8b0 0416 | 6b94 0100 | 0049 8380 | 8003 0000 | 0148 8b44 | 2440 8b50 | 1448 3b02 
  0x0000019414829b10: ;   {metadata(method data for {method} {0x0000019428090430} 'prepare' '()V' in 'java/lang/invoke/LambdaForm')}
  0x0000019414829b10: 4c8b c248 | beb0 0416 | 6b94 0100 | 0048 8386 | b803 0000 | 0141 b806 | 0000 000f 

  0x0000019414829b2c: ;   {optimized virtual_call}
  0x0000019414829b2c: 1f40 00e8 

  0x0000019414829b30: ; ImmutableOopMap {[56]=Oop }
                      ;*invokevirtual setCachedLambdaForm {reexecute=0 rethrow=0 return_oop=0}
                      ; - java.lang.invoke.LambdaForm::prepare@95
  0x0000019414829b30: 4c4c 4507 

  0x0000019414829b34: ;   {other}
  0x0000019414829b34: 0f1f 8400 | a407 0005 | 488b d048 | 8b74 2438 

  0x0000019414829b44: ; implicit exception: dispatches to 0x0000019414829c25
  0x0000019414829b44: 8b7a 284c | 8bd7 4489 | 5628 488d | 3648 c1ee | 0948 bf00 | 00ab 1094 | 0100 00c6 | 043e 0048 
  0x0000019414829b64: 83c4 605d 

  0x0000019414829b68: ;   {poll_return}
  0x0000019414829b68: 493b a748 | 0400 000f | 87b5 0000 | 00c3 4883 

  0x0000019414829b78: ;   {poll_return}
  0x0000019414829b78: c460 5d49 | 3ba7 4804 | 0000 0f87 | b800 0000 

  0x0000019414829b88: ;   {metadata({method} {0x0000019428090430} 'prepare' '()V' in 'java/lang/invoke/LambdaForm')}
  0x0000019414829b88: c349 ba28 | 0409 2894 | 0100 004c | 8954 2408 | 48c7 0424 | ffff ffff 

  0x0000019414829ba0: ;   {runtime_call counter_overflow Runtime1 stub}
  0x0000019414829ba0: e85b 8750 

  0x0000019414829ba4: ; ImmutableOopMap {rdx=Oop [56]=Oop }
                      ;*synchronization entry
                      ; - java.lang.invoke.LambdaForm::prepare@-1
  0x0000019414829ba4: 07e9 9dfa 

  0x0000019414829ba8: ;   {metadata({method} {0x00000194283fa630} 'forceInterpretation' '()Z' in 'java/lang/invoke/LambdaForm')}
  0x0000019414829ba8: ffff 49ba | 28a6 3f28 | 9401 0000 | 4c89 5424 | 0848 c704 | 24ff ffff 

  0x0000019414829bc0: ;   {runtime_call counter_overflow Runtime1 stub}
  0x0000019414829bc0: ffe8 3a87 

  0x0000019414829bc4: ; ImmutableOopMap {rdx=Oop [56]=Oop }
                      ;*synchronization entry
                      ; - java.lang.invoke.LambdaForm::forceInterpretation@-1
                      ; - java.lang.invoke.LambdaForm::prepare@7
  0x0000019414829bc4: 5007 e9c8 

  0x0000019414829bc8: ;   {runtime_call throw_null_pointer_exception Runtime1 stub}
  0x0000019414829bc8: faff ffe8 

  0x0000019414829bcc: ; ImmutableOopMap {rax=Oop [56]=Oop [64]=Oop }
                      ;*invokevirtual form {reexecute=0 rethrow=0 return_oop=0}
                      ; - java.lang.invoke.LambdaForm::prepare@38
  0x0000019414829bcc: 3036 5007 

  0x0000019414829bd0: ;   {runtime_call throw_null_pointer_exception Runtime1 stub}
  0x0000019414829bd0: e82b 3650 

  0x0000019414829bd4: ; ImmutableOopMap {rax=Oop rdx=Oop [56]=Oop [64]=Oop }
                      ;*invokevirtual cachedLambdaForm {reexecute=0 rethrow=0 return_oop=0}
                      ; - java.lang.invoke.LambdaForm::prepare@43
                      ;   {metadata({method} {0x00000194283f9500} 'cachedLambdaForm' '(I)Ljava/lang/invoke/LambdaForm;' in 'java/lang/invoke/MethodTypeForm')}
  0x0000019414829bd4: 0749 baf8 | 943f 2894 | 0100 004c | 8954 2408 | 48c7 0424 | ffff ffff 

  0x0000019414829bec: ;   {runtime_call counter_overflow Runtime1 stub}
  0x0000019414829bec: e80f 8750 

  0x0000019414829bf0: ; ImmutableOopMap {rax=Oop rdx=Oop [56]=Oop [64]=Oop }
                      ;*synchronization entry
                      ; - java.lang.invoke.MethodTypeForm::cachedLambdaForm@-1
                      ; - java.lang.invoke.LambdaForm::prepare@43
  0x0000019414829bf0: 07e9 4dfc 

  0x0000019414829bf4: ;   {runtime_call throw_null_pointer_exception Runtime1 stub}
  0x0000019414829bf4: ffff e805 

  0x0000019414829bf8: ; ImmutableOopMap {rax=Oop rdx=Oop [56]=Oop [64]=Oop }
                      ;*aaload {reexecute=0 rethrow=0 return_oop=0}
                      ; - java.lang.invoke.MethodTypeForm::cachedLambdaForm@5
                      ; - java.lang.invoke.LambdaForm::prepare@43
  0x0000019414829bf8: 3650 0748 | c704 2406 | 0000 0048 | 8954 2408 

  0x0000019414829c08: ;   {runtime_call throw_range_check_failed Runtime1 stub}
  0x0000019414829c08: e8f3 2c50 

  0x0000019414829c0c: ; ImmutableOopMap {rax=Oop rdx=Oop [56]=Oop [64]=Oop }
                      ;*aaload {reexecute=0 rethrow=0 return_oop=0}
                      ; - java.lang.invoke.MethodTypeForm::cachedLambdaForm@5
                      ; - java.lang.invoke.LambdaForm::prepare@43
                      ;   {runtime_call throw_null_pointer_exception Runtime1 stub}
  0x0000019414829c0c: 07e8 ee35 

  0x0000019414829c10: ; ImmutableOopMap {rdx=Oop [56]=Oop [64]=Oop }
                      ;*invokevirtual get {reexecute=0 rethrow=0 return_oop=0}
                      ; - java.lang.invoke.MethodTypeForm::cachedLambdaForm@12
                      ; - java.lang.invoke.LambdaForm::prepare@43
  0x0000019414829c10: 5007 4889 

  0x0000019414829c14: ;   {runtime_call throw_class_cast_exception Runtime1 stub}
  0x0000019414829c14: 0424 e8e5 

  0x0000019414829c18: ; ImmutableOopMap {[56]=Oop [64]=Oop }
                      ;*checkcast {reexecute=0 rethrow=0 return_oop=0}
                      ; - java.lang.invoke.MethodTypeForm::cachedLambdaForm@15
                      ; - java.lang.invoke.LambdaForm::prepare@43
                      ;   {runtime_call throw_null_pointer_exception Runtime1 stub}
  0x0000019414829c18: 5950 07e8 

  0x0000019414829c1c: ; ImmutableOopMap {r9=Oop [56]=Oop [64]=Oop }
                      ;*putfield vmentry {reexecute=1 rethrow=0 return_oop=0}
                      ; - (reexecute) java.lang.invoke.LambdaForm::prepare@85
  0x0000019414829c1c: e035 5007 

  0x0000019414829c20: ;   {runtime_call throw_null_pointer_exception Runtime1 stub}
  0x0000019414829c20: e8db 3550 

  0x0000019414829c24: ; ImmutableOopMap {r9=Oop rdx=Oop [56]=Oop }
                      ;*invokevirtual setCachedLambdaForm {reexecute=0 rethrow=0 return_oop=0}
                      ; - java.lang.invoke.LambdaForm::prepare@95
                      ;   {runtime_call throw_null_pointer_exception Runtime1 stub}
  0x0000019414829c24: 07e8 d635 

  0x0000019414829c28: ; ImmutableOopMap {rsi=Oop [56]=Oop }
                      ;*getfield vmentry {reexecute=1 rethrow=0 return_oop=0}
                      ; - (reexecute) java.lang.invoke.LambdaForm::prepare@101
                      ;   {internal_word}
  0x0000019414829c28: 5007 49ba | 689b 8214 | 9401 0000 | 4d89 9760 

  0x0000019414829c38: ;   {runtime_call SafepointBlob}
  0x0000019414829c38: 0400 00e9 | c0ae 4507 

  0x0000019414829c40: ;   {internal_word}
  0x0000019414829c40: 49ba 7b9b | 8214 9401 | 0000 4d89 | 9760 0400 

  0x0000019414829c50: ;   {runtime_call SafepointBlob}
  0x0000019414829c50: 00e9 aaae | 4507 498b | 87f8 0400 | 0049 c787 | f804 0000 | 0000 0000 | 49c7 8700 | 0500 0000 
  0x0000019414829c70: 0000 0048 | 83c4 605d 

  0x0000019414829c78: ;   {runtime_call unwind_exception Runtime1 stub}
  0x0000019414829c78: e983 2650 | 07f4 f4f4 
[Stub Code]
  0x0000019414829c80: ;   {no_reloc}
  0x0000019414829c80: 0f1f 4400 

  0x0000019414829c84: ;   {static_stub}
  0x0000019414829c84: 0048 bb78 | 0309 2894 

  0x0000019414829c8c: ;   {runtime_call I2C/C2I adapters}
  0x0000019414829c8c: 0100 00e9 | 4f3f 4507 

  0x0000019414829c94: ;   {static_stub}
  0x0000019414829c94: 9048 bb00 | 0000 0000 

  0x0000019414829c9c: ;   {runtime_call nmethod}
  0x0000019414829c9c: 0000 00e9 | fbff ffff 

  0x0000019414829ca4: ;   {static_stub}
  0x0000019414829ca4: 9048 bb00 | 0000 0000 

  0x0000019414829cac: ;   {runtime_call nmethod}
  0x0000019414829cac: 0000 00e9 | fbff ffff 

  0x0000019414829cb4: ;   {static_stub}
  0x0000019414829cb4: 48bb 0000 | 0000 0000 

  0x0000019414829cbc: ;   {runtime_call nmethod}
  0x0000019414829cbc: 0000 e9fb 

  0x0000019414829cc0: ;   {static_stub}
  0x0000019414829cc0: ffff ff48 | bb00 0000 | 0000 0000 

  0x0000019414829ccc: ;   {runtime_call nmethod}
  0x0000019414829ccc: 00e9 fbff 

  0x0000019414829cd0: ;   {static_stub}
  0x0000019414829cd0: ffff 48bb | 0000 0000 | 0000 0000 

  0x0000019414829cdc: ;   {runtime_call nmethod}
  0x0000019414829cdc: e9fb ffff 

  0x0000019414829ce0: ;   {runtime_call handle_exception_from_callee Runtime1 stub}
  0x0000019414829ce0: ffe8 1a53 

  0x0000019414829ce4: ;   {external_word}
  0x0000019414829ce4: 5007 48b9 | 90e2 7251 | f97f 0000 | 4883 e4f0 

  0x0000019414829cf4: ;   {runtime_call}
  0x0000019414829cf4: 48b8 1079 | 3551 f97f | 0000 ffd0 

  0x0000019414829d00: ;   {section_word}
  0x0000019414829d00: f449 ba01 | 9d82 1494 | 0100 0041 

  0x0000019414829d0c: ;   {runtime_call DeoptimizationBlob}
  0x0000019414829d0c: 52e9 8ea0 | 4507 f4f4 | f4f4 f4f4 
[/MachCode]


Compiled method (c1) 21137  617       3       java.lang.invoke.MethodHandle::<init> (37 bytes)
 total in heap  [0x00000194147e0d90,0x00000194147e16b0] = 2336
 relocation     [0x00000194147e0ef0,0x00000194147e0f90] = 160
 main code      [0x00000194147e0fa0,0x00000194147e1430] = 1168
 stub code      [0x00000194147e1430,0x00000194147e1498] = 104
 metadata       [0x00000194147e1498,0x00000194147e14d0] = 56
 scopes data    [0x00000194147e14d0,0x00000194147e1580] = 176
 scopes pcs     [0x00000194147e1580,0x00000194147e1680] = 256
 dependencies   [0x00000194147e1680,0x00000194147e1698] = 24
 nul chk table  [0x00000194147e1698,0x00000194147e16b0] = 24

[Constant Pool (empty)]

[MachCode]
[Entry Point]
  # {method} {0x000001942840a228} '<init>' '(Ljava/lang/invoke/MethodType;Ljava/lang/invoke/LambdaForm;)V' in 'java/lang/invoke/MethodHandle'
  # this:     rdx:rdx   = 'java/lang/invoke/MethodHandle'
  # parm0:    r8:r8     = 'java/lang/invoke/MethodType'
  # parm1:    r9:r9     = 'java/lang/invoke/LambdaForm'
  #           [sp+0x70]  (sp of caller)
  0x00000194147e0fa0: 448b 5208 | 49bb 0000 | 0028 9401 | 0000 4d03 | d34c 3bd0 

  0x00000194147e0fb4: ;   {runtime_call ic_miss_stub}
  0x00000194147e0fb4: 0f85 c6d4 | 4907 660f | 1f44 0000 
[Verified Entry Point]
  0x00000194147e0fc0: 8984 2400 | 80ff ff55 | 4883 ec60 | 4181 7f20 | 0100 0000 

  0x00000194147e0fd4: ;   {runtime_call StubRoutines (final stubs)}
  0x00000194147e0fd4: 7405 e805 | 7a48 0748 | 8954 2430 

  0x00000194147e0fe0: ;   {metadata(method data for {method} {0x000001942840a228} '<init>' '(Ljava/lang/invoke/MethodType;Ljava/lang/invoke/LambdaForm;)V' in 'java/lang/invoke/MethodHandle')}
  0x00000194147e0fe0: 48be d0ff | 156b 9401 | 0000 8bbe | cc00 0000 | 83c7 0289 | becc 0000 | 0081 e7fe | 0700 0085 
  0x00000194147e1000: ff0f 840f | 0300 0048 

  0x00000194147e1008: ;   {metadata(method data for {method} {0x000001942840a228} '<init>' '(Ljava/lang/invoke/MethodType;Ljava/lang/invoke/LambdaForm;)V' in 'java/lang/invoke/MethodHandle')}
  0x00000194147e1008: 8bf2 48bf | d0ff 156b | 9401 0000 | 4883 8710 | 0100 0001 

  0x00000194147e101c: ;   {metadata(method data for {method} {0x0000019428476c60} '<init>' '()V' in 'java/lang/Object')}
  0x00000194147e101c: 48be 6067 | 006b 9401 | 0000 8bbe | cc00 0000 | 83c7 0289 | becc 0000 | 0081 e7fe | ff1f 0085 
  0x00000194147e103c: ff0f 84f4 

  0x00000194147e1040: ;   {metadata(method data for {method} {0x000001942840a228} '<init>' '(Ljava/lang/invoke/MethodType;Ljava/lang/invoke/LambdaForm;)V' in 'java/lang/invoke/MethodHandle')}
  0x00000194147e1040: 0200 0048 | bed0 ff15 | 6b94 0100 | 0048 8386 | 2001 0000 

  0x00000194147e1054: ;   {metadata(method data for {method} {0x0000019428057168} 'requireNonNull' '(Ljava/lang/Object;)Ljava/lang/Object;' in 'java/util/Objects')}
  0x00000194147e1054: 0148 be80 | df00 6b94 | 0100 008b | becc 0000 | 0083 c702 | 89be cc00 | 0000 81e7 | feff 1f00 
  0x00000194147e1074: 85ff 0f84 | dc02 0000 

  0x00000194147e107c: ;   {metadata(method data for {method} {0x0000019428057168} 'requireNonNull' '(Ljava/lang/Object;)Ljava/lang/Object;' in 'java/util/Objects')}
  0x00000194147e107c: 4d85 c048 | be80 df00 | 6b94 0100 | 0048 c7c7 | 2001 0000 | 7407 48c7 | c710 0100 | 0048 8b1c 
  0x00000194147e109c: 3e48 8d5b | 0148 891c | 3e0f 84cb | 0100 004d | 8bd0 4489 | 5210 488d | 3248 c1ee | 0948 bf00 
  0x00000194147e10bc: 00ab 1094 | 0100 00c6 

  0x00000194147e10c4: ;   {metadata(method data for {method} {0x000001942840a228} '<init>' '(Ljava/lang/invoke/MethodType;Ljava/lang/invoke/LambdaForm;)V' in 'java/lang/invoke/MethodHandle')}
  0x00000194147e10c4: 043e 0048 | bed0 ff15 | 6b94 0100 | 0048 8386 | 6801 0000 

  0x00000194147e10d8: ;   {metadata(method data for {method} {0x0000019428057168} 'requireNonNull' '(Ljava/lang/Object;)Ljava/lang/Object;' in 'java/util/Objects')}
  0x00000194147e10d8: 0148 be80 | df00 6b94 | 0100 008b | becc 0000 | 0083 c702 | 89be cc00 | 0000 81e7 | feff 1f00 
  0x00000194147e10f8: 85ff 0f84 | 7902 0000 

  0x00000194147e1100: ;   {metadata(method data for {method} {0x0000019428057168} 'requireNonNull' '(Ljava/lang/Object;)Ljava/lang/Object;' in 'java/util/Objects')}
  0x00000194147e1100: 4d85 c948 | be80 df00 | 6b94 0100 | 0048 c7c7 | 2001 0000 | 7407 48c7 | c710 0100 | 0048 8b1c 
  0x00000194147e1120: 3e48 8d5b | 0148 891c | 3e0f 84b0 | 0000 0049 | 3b01 498b 

  0x00000194147e1134: ;   {metadata(method data for {method} {0x000001942840a228} '<init>' '(Ljava/lang/invoke/MethodType;Ljava/lang/invoke/LambdaForm;)V' in 'java/lang/invoke/MethodHandle')}
  0x00000194147e1134: f148 bfd0 | ff15 6b94 

  0x00000194147e113c: ;   {metadata('java/lang/invoke/LambdaForm')}
  0x00000194147e113c: 0100 0049 | ba78 fd08 | 2894 0100 | 004c 8997 | c001 0000 | 4883 87c8 | 0100 0001 | 498b d10f 
  0x00000194147e115c: ;   {optimized virtual_call}
  0x00000194147e115c: 1f40 00e8 

  0x00000194147e1160: ; ImmutableOopMap {[48]=Oop }
                      ;*invokevirtual uncustomize {reexecute=0 rethrow=0 return_oop=0}
                      ; - java.lang.invoke.MethodHandle::<init>@23
  0x00000194147e1160: 9cce 0300 

  0x00000194147e1164: ;   {other}
  0x00000194147e1164: 0f1f 8400 | d403 0000 | 488b 5424 | 304c 8bd0 | 4489 5214 | 488d 1248 | c1ea 0948 | be00 00ab 
  0x00000194147e1184: 1094 0100 | 00c6 0432 | 0048 3b00 

  0x00000194147e1190: ;   {metadata(method data for {method} {0x000001942840a228} '<init>' '(Ljava/lang/invoke/MethodType;Ljava/lang/invoke/LambdaForm;)V' in 'java/lang/invoke/MethodHandle')}
  0x00000194147e1190: 488b d048 | bed0 ff15 | 6b94 0100 

  0x00000194147e119c: ;   {metadata('java/lang/invoke/LambdaForm')}
  0x00000194147e119c: 0049 ba78 | fd08 2894 | 0100 004c | 8996 f801 | 0000 4883 | 8600 0200 | 0001 488b | d066 0f1f 
  0x00000194147e11bc: ;   {optimized virtual_call}
  0x00000194147e11bc: 4400 00e8 

  0x00000194147e11c0: ; ImmutableOopMap {}
                      ;*invokevirtual prepare {reexecute=0 rethrow=0 return_oop=0}
                      ; - java.lang.invoke.MethodHandle::<init>@33
  0x00000194147e11c0: 3c84 0400 

  0x00000194147e11c4: ;   {other}
  0x00000194147e11c4: 0f1f 8400 | 3404 0001 | 4883 c460 

  0x00000194147e11d0: ;   {poll_return}
  0x00000194147e11d0: 5d49 3ba7 | 4804 0000 | 0f87 c601 | 0000 c390 

  0x00000194147e11e0: ;   {no_reloc}
  0x00000194147e11e0: e9e4 0100 | 0000 0000 | 0000 498b | 87b8 0100 | 0048 8d78 | 3049 3bbf | c801 0000 | 0f87 d101 
  0x00000194147e1200: 0000 4989 | bfb8 0100 | 0048 c700 | 0100 0000 | 488b ca49 | ba00 0000 | 2894 0100 | 0049 2bca 
  0x00000194147e1220: 8948 0848 | 33c9 8948 | 0c48 33c9 | 4889 4810 | 4889 4818 | 4889 4820 | 4889 4828 

  0x00000194147e123c: ;   {metadata(method data for {method} {0x0000019428057168} 'requireNonNull' '(Ljava/lang/Object;)Ljava/lang/Object;' in 'java/util/Objects')}
  0x00000194147e123c: 488b d048 | be80 df00 | 6b94 0100 | 0048 8386 | 3001 0000 | 0148 8bd0 | 4889 4424 | 3866 0f1f 
  0x00000194147e125c: ;   {optimized virtual_call}
  0x00000194147e125c: 4400 00e8 

  0x00000194147e1260: ; ImmutableOopMap {[48]=Oop [56]=Oop }
                      ;*invokespecial <init> {reexecute=0 rethrow=0 return_oop=0}
                      ; - java.util.Objects::requireNonNull@8
                      ; - java.lang.invoke.MethodHandle::<init>@17
  0x00000194147e1260: 1cd5 4907 

  0x00000194147e1264: ;   {other}
  0x00000194147e1264: 0f1f 8400 | d404 0002 | 488b 4424 | 38e9 ad01 | 0000 4c89 | 4c24 480f | 1f44 0000 

  0x00000194147e1280: ;   {no_reloc}
  0x00000194147e1280: e96a 0100 | 0000 0000 | 0000 498b | 87b8 0100 | 0048 8d78 | 3049 3bbf | c801 0000 | 0f87 5701 
  0x00000194147e12a0: 0000 4989 | bfb8 0100 | 0048 c700 | 0100 0000 | 488b ca49 | ba00 0000 | 2894 0100 | 0049 2bca 
  0x00000194147e12c0: 8948 0848 | 33c9 8948 | 0c48 33c9 | 4889 4810 | 4889 4818 | 4889 4820 | 4889 4828 

  0x00000194147e12dc: ;   {metadata(method data for {method} {0x0000019428057168} 'requireNonNull' '(Ljava/lang/Object;)Ljava/lang/Object;' in 'java/util/Objects')}
  0x00000194147e12dc: 488b d048 | be80 df00 | 6b94 0100 | 0048 8386 | 3001 0000 | 0148 8bd0 | 4889 4424 | 4066 0f1f 
  0x00000194147e12fc: ;   {optimized virtual_call}
  0x00000194147e12fc: 4400 00e8 

  0x00000194147e1300: ; ImmutableOopMap {[48]=Oop [64]=Oop [72]=Oop }
                      ;*invokespecial <init> {reexecute=0 rethrow=0 return_oop=0}
                      ; - java.util.Objects::requireNonNull@8
                      ; - java.lang.invoke.MethodHandle::<init>@6
  0x00000194147e1300: 7cd4 4907 

  0x00000194147e1304: ;   {other}
  0x00000194147e1304: 0f1f 8400 | 7405 0003 | 488b 4424 | 40e9 0d01 

  0x00000194147e1314: ;   {metadata({method} {0x000001942840a228} '<init>' '(Ljava/lang/invoke/MethodType;Ljava/lang/invoke/LambdaForm;)V' in 'java/lang/invoke/MethodHandle')}
  0x00000194147e1314: 0000 49ba | 20a2 4028 | 9401 0000 | 4c89 5424 | 0848 c704 | 24ff ffff 

  0x00000194147e132c: ;   {runtime_call counter_overflow Runtime1 stub}
  0x00000194147e132c: ffe8 ce0f 

  0x00000194147e1330: ; ImmutableOopMap {rdx=Oop r8=Oop r9=Oop [48]=Oop }
                      ;*synchronization entry
                      ; - java.lang.invoke.MethodHandle::<init>@-1
  0x00000194147e1330: 5507 e9d0 

  0x00000194147e1334: ;   {metadata({method} {0x0000019428476c60} '<init>' '()V' in 'java/lang/Object')}
  0x00000194147e1334: fcff ff49 | ba58 6c47 | 2894 0100 | 004c 8954 | 2408 48c7 | 0424 ffff 

  0x00000194147e134c: ;   {runtime_call counter_overflow Runtime1 stub}
  0x00000194147e134c: ffff e8ad 

  0x00000194147e1350: ; ImmutableOopMap {rdx=Oop r8=Oop r9=Oop [48]=Oop }
                      ;*synchronization entry
                      ; - java.lang.Object::<init>@-1
                      ; - java.lang.invoke.MethodHandle::<init>@1
  0x00000194147e1350: 0f55 07e9 | ebfc ffff 

  0x00000194147e1358: ;   {metadata({method} {0x0000019428057168} 'requireNonNull' '(Ljava/lang/Object;)Ljava/lang/Object;' in 'java/util/Objects')}
  0x00000194147e1358: 49ba 6071 | 0528 9401 | 0000 4c89 | 5424 0848 | c704 24ff 

  0x00000194147e136c: ;   {runtime_call counter_overflow Runtime1 stub}
  0x00000194147e136c: ffff ffe8 

  0x00000194147e1370: ; ImmutableOopMap {rdx=Oop r8=Oop r9=Oop [48]=Oop }
                      ;*synchronization entry
                      ; - java.util.Objects::requireNonNull@-1
                      ; - java.lang.invoke.MethodHandle::<init>@6
  0x00000194147e1370: 8c0f 5507 | e903 fdff 

  0x00000194147e1378: ;   {metadata({method} {0x0000019428057168} 'requireNonNull' '(Ljava/lang/Object;)Ljava/lang/Object;' in 'java/util/Objects')}
  0x00000194147e1378: ff49 ba60 | 7105 2894 | 0100 004c | 8954 2408 | 48c7 0424 | ffff ffff 

  0x00000194147e1390: ;   {runtime_call counter_overflow Runtime1 stub}
  0x00000194147e1390: e86b 0f55 

  0x00000194147e1394: ; ImmutableOopMap {rdx=Oop r9=Oop [48]=Oop }
                      ;*synchronization entry
                      ; - java.util.Objects::requireNonNull@-1
                      ; - java.lang.invoke.MethodHandle::<init>@17
  0x00000194147e1394: 07e9 66fd 

  0x00000194147e1398: ;   {runtime_call throw_null_pointer_exception Runtime1 stub}
  0x00000194147e1398: ffff e861 

  0x00000194147e139c: ; ImmutableOopMap {r9=Oop [48]=Oop }
                      ;*invokevirtual uncustomize {reexecute=0 rethrow=0 return_oop=0}
                      ; - java.lang.invoke.MethodHandle::<init>@23
                      ;   {runtime_call throw_null_pointer_exception Runtime1 stub}
  0x00000194147e139c: be54 07e8 

  0x00000194147e13a0: ; ImmutableOopMap {rax=Oop }
                      ;*invokevirtual prepare {reexecute=0 rethrow=0 return_oop=0}
                      ; - java.lang.invoke.MethodHandle::<init>@33
  0x00000194147e13a0: 5cbe 5407 

  0x00000194147e13a4: ;   {internal_word}
  0x00000194147e13a4: 49ba d111 | 7e14 9401 | 0000 4d89 | 9760 0400 

  0x00000194147e13b4: ;   {runtime_call SafepointBlob}
  0x00000194147e13b4: 00e9 4637 

  0x00000194147e13b8: ;   {metadata(nullptr)}
  0x00000194147e13b8: 4a07 48ba | 0000 0000 | 0000 0000 | b800 0f05 

  0x00000194147e13c8: ;   {runtime_call load_klass_patching Runtime1 stub}
  0x00000194147e13c8: 0ae8 b2fe 

  0x00000194147e13cc: ; ImmutableOopMap {[48]=Oop }
                      ;*new {reexecute=1 rethrow=0 return_oop=0}
                      ; - (reexecute) java.util.Objects::requireNonNull@4
                      ; - java.lang.invoke.MethodHandle::<init>@17
  0x00000194147e13cc: 5407 e90d | feff ff48 

  0x00000194147e13d4: ;   {runtime_call fast_new_instance Runtime1 stub}
  0x00000194147e13d4: 8bd2 e825 

  0x00000194147e13d8: ; ImmutableOopMap {[48]=Oop }
                      ;*new {reexecute=0 rethrow=0 return_oop=0}
                      ; - java.util.Objects::requireNonNull@4
                      ; - java.lang.invoke.MethodHandle::<init>@17
  0x00000194147e13d8: c754 07e9 | 5cfe ffff 

  0x00000194147e13e0: ;   {metadata(nullptr)}
  0x00000194147e13e0: 48ba 0000 | 0000 0000 | 0000 b800 

  0x00000194147e13ec: ;   {runtime_call load_klass_patching Runtime1 stub}
  0x00000194147e13ec: 0f05 0ae8 

  0x00000194147e13f0: ; ImmutableOopMap {[48]=Oop [72]=Oop }
                      ;*new {reexecute=1 rethrow=0 return_oop=0}
                      ; - (reexecute) java.util.Objects::requireNonNull@4
                      ; - java.lang.invoke.MethodHandle::<init>@6
  0x00000194147e13f0: 8cfe 5407 | e987 feff | ff48 8bd2 

  0x00000194147e13fc: ;   {runtime_call fast_new_instance Runtime1 stub}
  0x00000194147e13fc: e8ff c654 

  0x00000194147e1400: ; ImmutableOopMap {[48]=Oop [72]=Oop }
                      ;*new {reexecute=0 rethrow=0 return_oop=0}
                      ; - java.util.Objects::requireNonNull@4
                      ; - java.lang.invoke.MethodHandle::<init>@6
  0x00000194147e1400: 07e9 d6fe | ffff 498b | 87f8 0400 | 0049 c787 | f804 0000 | 0000 0000 | 49c7 8700 | 0500 0000 
  0x00000194147e1420: 0000 0048 | 83c4 605d 

  0x00000194147e1428: ;   {runtime_call unwind_exception Runtime1 stub}
  0x00000194147e1428: e9d3 ae54 | 07f4 f4f4 
[Stub Code]
  0x00000194147e1430: ;   {no_reloc}
  0x00000194147e1430: 0f1f 4400 

  0x00000194147e1434: ;   {static_stub}
  0x00000194147e1434: 0048 bbd0 | 0309 2894 

  0x00000194147e143c: ;   {runtime_call I2C/C2I adapters}
  0x00000194147e143c: 0100 00e9 | 9fc7 4907 

  0x00000194147e1444: ;   {static_stub}
  0x00000194147e1444: 9048 bb28 | 0409 2894 

  0x00000194147e144c: ;   {runtime_call I2C/C2I adapters}
  0x00000194147e144c: 0100 00e9 | 8fc7 4907 

  0x00000194147e1454: ;   {static_stub}
  0x00000194147e1454: 48bb 0000 | 0000 0000 

  0x00000194147e145c: ;   {runtime_call nmethod}
  0x00000194147e145c: 0000 e9fb 

  0x00000194147e1460: ;   {runtime_call handle_exception_from_callee Runtime1 stub}
  0x00000194147e1460: ffff ffe8 | 98db 5407 

  0x00000194147e1468: ;   {external_word}
  0x00000194147e1468: 48b9 90e2 | 7251 f97f | 0000 4883 

  0x00000194147e1474: ;   {runtime_call}
  0x00000194147e1474: e4f0 48b8 | 1079 3551 | f97f 0000 

  0x00000194147e1480: ;   {section_word}
  0x00000194147e1480: ffd0 f449 | ba83 147e | 1494 0100 

  0x00000194147e148c: ;   {runtime_call DeoptimizationBlob}
  0x00000194147e148c: 0041 52e9 | 0c29 4a07 | f4f4 f4f4 
[/MachCode]


---------------  P R O C E S S  ---------------

Threads class SMR info:
_java_thread_list=0x000001946f2e3170, length=15, elements={
0x000001940f15c960, 0x00000194114771e0, 0x00000194114780f0, 0x000001941147a4f0,
0x000001941147b200, 0x00000194114838e0, 0x0000019411484330, 0x0000019411484e30,
0x0000019411499b40, 0x000001946a7f3580, 0x000001946a9f5d60, 0x000001946f5590f0,
0x000001946f55b1c0, 0x000001946f559e10, 0x000001946f557d40
}

Java Threads: ( => current thread )
=>0x000001940f15c960 JavaThread "main"                              [_thread_in_vm, id=759416, stack(0x0000006083600000,0x0000006083700000) (1024K)]
  0x00000194114771e0 JavaThread "Reference Handler"          daemon [_thread_blocked, id=771600, stack(0x0000006083a00000,0x0000006083b00000) (1024K)]
  0x00000194114780f0 JavaThread "Finalizer"                  daemon [_thread_blocked, id=767544, stack(0x0000006083b00000,0x0000006083c00000) (1024K)]
  0x000001941147a4f0 JavaThread "Signal Dispatcher"          daemon [_thread_blocked, id=756308, stack(0x0000006083c00000,0x0000006083d00000) (1024K)]
  0x000001941147b200 JavaThread "Attach Listener"            daemon [_thread_blocked, id=769372, stack(0x0000006083d00000,0x0000006083e00000) (1024K)]
  0x00000194114838e0 JavaThread "Service Thread"             daemon [_thread_blocked, id=689972, stack(0x0000006083e00000,0x0000006083f00000) (1024K)]
  0x0000019411484330 JavaThread "Monitor Deflation Thread"   daemon [_thread_blocked, id=759408, stack(0x0000006083f00000,0x0000006084000000) (1024K)]
  0x0000019411484e30 JavaThread "C2 CompilerThread0"         daemon [_thread_blocked, id=774668, stack(0x0000006084000000,0x0000006084100000) (1024K)]
  0x0000019411499b40 JavaThread "C1 CompilerThread0"         daemon [_thread_in_vm, id=772544, stack(0x0000006084100000,0x0000006084200000) (1024K)]
  0x000001946a7f3580 JavaThread "Common-Cleaner"             daemon [_thread_blocked, id=697956, stack(0x0000006084200000,0x0000006084300000) (1024K)]
  0x000001946a9f5d60 JavaThread "Notification Thread"        daemon [_thread_blocked, id=771824, stack(0x0000006084300000,0x0000006084400000) (1024K)]
  0x000001946f5590f0 JavaThread "Active Thread: Equinox Container: aab26224-8d14-497c-8b3c-d18de40bb6ba"        [_thread_blocked, id=773232, stack(0x0000006085000000,0x0000006085100000) (1024K)]
  0x000001946f55b1c0 JavaThread "Framework Event Dispatcher: Equinox Container: aab26224-8d14-497c-8b3c-d18de40bb6ba" daemon [_thread_blocked, id=776032, stack(0x0000006084a00000,0x0000006084b00000) (1024K)]
  0x000001946f559e10 JavaThread "Start Level: Equinox Container: aab26224-8d14-497c-8b3c-d18de40bb6ba" daemon [_thread_blocked, id=776036, stack(0x0000006084b00000,0x0000006084c00000) (1024K)]
  0x000001946f557d40 JavaThread "Refresh Thread: Equinox Container: aab26224-8d14-497c-8b3c-d18de40bb6ba" daemon [_thread_in_vm, id=776072, stack(0x0000006084d00000,0x0000006084e00000) (1024K)]
Total: 15

Other Threads:
  0x00000194115c7990 VMThread "VM Thread"                           [id=689484, stack(0x0000006083900000,0x0000006083a00000) (1024K)]
  0x0000019411573360 WatcherThread "VM Periodic Task Thread"        [id=691692, stack(0x0000006083800000,0x0000006083900000) (1024K)]
  0x0000019411524a20 WorkerThread "GC Thread#0"                     [id=697764, stack(0x0000006083700000,0x0000006083800000) (1024K)]
  0x000001946f22a9f0 WorkerThread "GC Thread#1"                     [id=690212, stack(0x0000006084400000,0x0000006084500000) (1024K)]
  0x000001946f404010 WorkerThread "GC Thread#2"                     [id=690380, stack(0x0000006084500000,0x0000006084600000) (1024K)]
  0x000001946f2d9570 WorkerThread "GC Thread#3"                     [id=770224, stack(0x0000006084600000,0x0000006084700000) (1024K)]
  0x000001946f2d9910 WorkerThread "GC Thread#4"                     [id=771088, stack(0x0000006084700000,0x0000006084800000) (1024K)]
  0x000001946f4ae3c0 WorkerThread "GC Thread#5"                     [id=769612, stack(0x0000006084800000,0x0000006084900000) (1024K)]
  0x000001946f4ae760 WorkerThread "GC Thread#6"                     [id=771776, stack(0x0000006084900000,0x0000006084a00000) (1024K)]
  0x000001946f493f60 WorkerThread "GC Thread#7"                     [id=776040, stack(0x0000006084c00000,0x0000006084d00000) (1024K)]
Total: 10

Threads with active compile tasks:
C1 CompilerThread0  21172 2042       3       org.eclipse.osgi.container.Module::compareTo (9 bytes)
Total: 1

VM state: not at safepoint (normal execution)

VM Mutex/Monitor currently owned by a thread:  ([mutex/lock_event])
[0x00007ff9519e3458] Metaspace_lock - owner thread: 0x000001940f15c960

Heap address: 0x0000000080000000, size: 2048 MB, Compressed Oops mode: 32-bit

CDS archive(s) mapped at: [0x0000019428000000-0x0000019428ba0000-0x0000019428ba0000), size 12189696, SharedBaseAddress: 0x0000019428000000, ArchiveRelocationMode: 1.
Compressed class space mapped at: 0x0000019429000000-0x0000019469000000, reserved size: 1073741824
Narrow klass base: 0x0000019428000000, Narrow klass shift: 0, Narrow klass range: 0x100000000

GC Precious Log:
 CardTable entry size: 512
 CPUs: 8 total, 8 available
 Memory: 11884M
 Large Page Support: Disabled
 NUMA Support: Disabled
 Compressed Oops: Enabled (32-bit)
 Alignments: Space 512K, Generation 512K, Heap 2M
 Heap Min Capacity: 100M
 Heap Initial Capacity: 100M
 Heap Max Capacity: 2G
 Pre-touch: Disabled
 Parallel Workers: 8

Heap:
 PSYoungGen      total 29696K, used 26324K [0x00000000d5580000, 0x00000000d7680000, 0x0000000100000000)
  eden space 25600K, 86% used [0x00000000d5580000,0x00000000d6b39948,0x00000000d6e80000)
  from space 4096K, 99% used [0x00000000d7280000,0x00000000d767b9d0,0x00000000d7680000)
  to   space 4096K, 0% used [0x00000000d6e80000,0x00000000d6e80000,0x00000000d7280000)
 ParOldGen       total 68608K, used 128K [0x0000000080000000, 0x0000000084300000, 0x00000000d5580000)
  object space 68608K, 0% used [0x0000000080000000,0x0000000080020000,0x0000000084300000)
 Metaspace       used 8568K, committed 8832K, reserved 1114112K
  class space    used 891K, committed 1024K, reserved 1048576K

Card table byte_map: [0x0000019410eb0000,0x00000194112c0000] _byte_map_base: 0x0000019410ab0000

Marking Bits: (ParMarkBitMap*) 0x00007ff9519ea340
 Begin Bits: [0x00000194239b0000, 0x00000194259b0000)
 End Bits:   [0x00000194259b0000, 0x00000194279b0000)

Polling page: 0x000001940f4c0000

Metaspace:

Usage:
  Non-class:      7.50 MB used.
      Class:    891.77 KB used.
       Both:      8.37 MB used.

Virtual space:
  Non-class space:       64.00 MB reserved,       7.62 MB ( 12%) committed,  1 nodes.
      Class space:        1.00 GB reserved,       1.00 MB ( <1%) committed,  1 nodes.
             Both:        1.06 GB reserved,       8.62 MB ( <1%) committed. 

Chunk freelists:
   Non-Class:  8.00 MB
       Class:  14.88 MB
        Both:  22.88 MB

MaxMetaspaceSize: unlimited
CompressedClassSpaceSize: 1.00 GB
Initial GC threshold: 21.00 MB
Current GC threshold: 21.00 MB
CDS: on
 - commit_granule_bytes: 65536.
 - commit_granule_words: 8192.
 - virtual_space_node_default_size: 8388608.
 - enlarge_chunks_in_place: 1.
 - use_allocation_guard: 0.


Internal statistics:

num_allocs_failed_limit: 0.
num_arena_births: 226.
num_arena_deaths: 0.
num_vsnodes_births: 2.
num_vsnodes_deaths: 0.
num_space_committed: 138.
num_space_uncommitted: 0.
num_chunks_returned_to_freelist: 0.
num_chunks_taken_from_freelist: 425.
num_chunk_merges: 0.
num_chunk_splits: 277.
num_chunks_enlarged: 190.
num_inconsistent_stats: 0.

CodeHeap 'non-profiled nmethods': size=120000Kb used=860Kb max_used=860Kb free=119139Kb
 bounds [0x000001941c1d0000, 0x000001941c440000, 0x0000019423700000]
CodeHeap 'profiled nmethods': size=120000Kb used=3917Kb max_used=3917Kb free=116082Kb
 bounds [0x0000019414700000, 0x0000019414ae0000, 0x000001941bc30000]
CodeHeap 'non-nmethods': size=5760Kb used=1210Kb max_used=1245Kb free=4549Kb
 bounds [0x000001941bc30000, 0x000001941bea0000, 0x000001941c1d0000]
CodeCache: size=245760Kb, used=5987Kb, max_used=6022Kb, free=239770Kb
 total_blobs=2519, nmethods=2042, adapters=384, full_count=0
Compilation: enabled, stopped_count=0, restarted_count=0

Compilation events (20 events):
Event: 21.023 Thread 0x0000019411484e30 2023       4       java.util.Collections$UnmodifiableMap::get (11 bytes)
Event: 21.024 Thread 0x0000019411499b40 2024       3       org.eclipse.osgi.internal.framework.FilterImpl$Parser::parse_item (338 bytes)
Event: 21.024 Thread 0x0000019411484e30 nmethod 2023 0x000001941c2a2b10 code [0x000001941c2a2ca0, 0x000001941c2a2d50]
Event: 21.024 Thread 0x0000019411484e30 2000   !   4       jdk.internal.misc.Blocker::begin (97 bytes)
Event: 21.025 Thread 0x0000019411484e30 nmethod 2000 0x000001941c2a2e10 code [0x000001941c2a2fa0, 0x000001941c2a3068]
Event: 21.025 Thread 0x0000019411484e30 1990       4       java.lang.String::equalsIgnoreCase (45 bytes)
Event: 21.026 Thread 0x0000019411499b40 nmethod 2024 0x0000019414ac6410 code [0x0000019414ac67a0, 0x0000019414ac7af0]
Event: 21.026 Thread 0x0000019411499b40 2026       3       org.eclipse.osgi.storage.bundlefile.CloseableBundleFile::releaseOpen (8 bytes)
Event: 21.026 Thread 0x0000019411499b40 nmethod 2026 0x0000019414ac8310 code [0x0000019414ac84e0, 0x0000019414ac88a0]
Event: 21.027 Thread 0x0000019411484e30 nmethod 1990 0x000001941c2a3190 code [0x000001941c2a3320, 0x000001941c2a3460]
Event: 21.027 Thread 0x0000019411484e30 2025       4       java.util.concurrent.locks.ReentrantLock::lock (8 bytes)
Event: 21.031 Thread 0x0000019411484e30 nmethod 2025 0x000001941c2a3590 code [0x000001941c2a3740, 0x000001941c2a3920]
Event: 21.037 Thread 0x0000019411499b40 2027       3       java.util.zip.ZipFile$Source::isManifestName (165 bytes)
Event: 21.037 Thread 0x0000019411484e30 2028       4       java.lang.String::trim (35 bytes)
Event: 21.037 Thread 0x0000019411499b40 nmethod 2027 0x0000019414ac8a10 code [0x0000019414ac8be0, 0x0000019414ac90f8]
Event: 21.039 Thread 0x0000019411499b40 2030       3       java.util.zip.ZipFile$Source::initCEN (612 bytes)
Event: 21.044 Thread 0x0000019411499b40 nmethod 2030 0x0000019414ac9290 code [0x0000019414ac97e0, 0x0000019414acc6f8]
Event: 21.044 Thread 0x0000019411499b40 2031       3       java.util.HashMap::putVal (300 bytes)
Event: 21.045 Thread 0x0000019411499b40 nmethod 2031 0x0000019414acda90 code [0x0000019414acdd40, 0x0000019414acedf8]
Event: 21.045 Thread 0x0000019411499b40 2033       3       sun.net.www.protocol.jar.Handler::parseContextSpec (150 bytes)

GC Heap History (4 events):
Event: 4.459 GC heap before
{Heap before GC invocations=1 (full 0):
 PSYoungGen      total 29696K, used 25600K [0x00000000d5580000, 0x00000000d7680000, 0x0000000100000000)
  eden space 25600K, 100% used [0x00000000d5580000,0x00000000d6e80000,0x00000000d6e80000)
  from space 4096K, 0% used [0x00000000d7280000,0x00000000d7280000,0x00000000d7680000)
  to   space 4096K, 0% used [0x00000000d6e80000,0x00000000d6e80000,0x00000000d7280000)
 ParOldGen       total 68608K, used 0K [0x0000000080000000, 0x0000000084300000, 0x00000000d5580000)
  object space 68608K, 0% used [0x0000000080000000,0x0000000080000000,0x0000000084300000)
 Metaspace       used 4481K, committed 4672K, reserved 1114112K
  class space    used 490K, committed 576K, reserved 1048576K
}
Event: 4.471 GC heap after
{Heap after GC invocations=1 (full 0):
 PSYoungGen      total 29696K, used 3344K [0x00000000d5580000, 0x00000000d7680000, 0x0000000100000000)
  eden space 25600K, 0% used [0x00000000d5580000,0x00000000d5580000,0x00000000d6e80000)
  from space 4096K, 81% used [0x00000000d6e80000,0x00000000d71c40c8,0x00000000d7280000)
  to   space 4096K, 0% used [0x00000000d7280000,0x00000000d7280000,0x00000000d7680000)
 ParOldGen       total 68608K, used 8K [0x0000000080000000, 0x0000000084300000, 0x00000000d5580000)
  object space 68608K, 0% used [0x0000000080000000,0x0000000080002000,0x0000000084300000)
 Metaspace       used 4481K, committed 4672K, reserved 1114112K
  class space    used 490K, committed 576K, reserved 1048576K
}
Event: 20.466 GC heap before
{Heap before GC invocations=2 (full 0):
 PSYoungGen      total 29696K, used 28944K [0x00000000d5580000, 0x00000000d7680000, 0x0000000100000000)
  eden space 25600K, 100% used [0x00000000d5580000,0x00000000d6e80000,0x00000000d6e80000)
  from space 4096K, 81% used [0x00000000d6e80000,0x00000000d71c40c8,0x00000000d7280000)
  to   space 4096K, 0% used [0x00000000d7280000,0x00000000d7280000,0x00000000d7680000)
 ParOldGen       total 68608K, used 8K [0x0000000080000000, 0x0000000084300000, 0x00000000d5580000)
  object space 68608K, 0% used [0x0000000080000000,0x0000000080002000,0x0000000084300000)
 Metaspace       used 8315K, committed 8576K, reserved 1114112K
  class space    used 884K, committed 1024K, reserved 1048576K
}
Event: 20.481 GC heap after
{Heap after GC invocations=2 (full 0):
 PSYoungGen      total 29696K, used 4078K [0x00000000d5580000, 0x00000000d7680000, 0x0000000100000000)
  eden space 25600K, 0% used [0x00000000d5580000,0x00000000d5580000,0x00000000d6e80000)
  from space 4096K, 99% used [0x00000000d7280000,0x00000000d767b9d0,0x00000000d7680000)
  to   space 4096K, 0% used [0x00000000d6e80000,0x00000000d6e80000,0x00000000d7280000)
 ParOldGen       total 68608K, used 128K [0x0000000080000000, 0x0000000084300000, 0x00000000d5580000)
  object space 68608K, 0% used [0x0000000080000000,0x0000000080020000,0x0000000084300000)
 Metaspace       used 8315K, committed 8576K, reserved 1114112K
  class space    used 884K, committed 1024K, reserved 1048576K
}

Dll operation events (8 events):
Event: 0.278 Loaded shared library c:\Users\Admin\.vscode\extensions\redhat.java-1.45.0-win32-x64\jre\21.0.8-win32-x86_64\bin\java.dll
Event: 0.677 Loaded shared library c:\Users\Admin\.vscode\extensions\redhat.java-1.45.0-win32-x64\jre\21.0.8-win32-x86_64\bin\zip.dll
Event: 0.748 Loaded shared library C:\Users\Admin\.vscode\extensions\redhat.java-1.45.0-win32-x64\jre\21.0.8-win32-x86_64\bin\instrument.dll
Event: 0.821 Loaded shared library C:\Users\Admin\.vscode\extensions\redhat.java-1.45.0-win32-x64\jre\21.0.8-win32-x86_64\bin\net.dll
Event: 0.839 Loaded shared library C:\Users\Admin\.vscode\extensions\redhat.java-1.45.0-win32-x64\jre\21.0.8-win32-x86_64\bin\nio.dll
Event: 0.851 Loaded shared library C:\Users\Admin\.vscode\extensions\redhat.java-1.45.0-win32-x64\jre\21.0.8-win32-x86_64\bin\zip.dll
Event: 0.902 Loaded shared library C:\Users\Admin\.vscode\extensions\redhat.java-1.45.0-win32-x64\jre\21.0.8-win32-x86_64\bin\jimage.dll
Event: 1.108 Loaded shared library c:\Users\Admin\.vscode\extensions\redhat.java-1.45.0-win32-x64\jre\21.0.8-win32-x86_64\bin\verify.dll

Deoptimization events (20 events):
Event: 20.947 Thread 0x000001940f15c960 DEOPT PACKING pc=0x0000019414aa5749 sp=0x00000060836fe800
Event: 20.947 Thread 0x000001940f15c960 DEOPT UNPACKING pc=0x000001941bc84242 sp=0x00000060836fdc70 mode 0
Event: 20.950 Thread 0x000001940f15c960 DEOPT PACKING pc=0x0000019414aa5749 sp=0x00000060836fe4f0
Event: 20.950 Thread 0x000001940f15c960 DEOPT UNPACKING pc=0x000001941bc84242 sp=0x00000060836fd960 mode 0
Event: 20.950 Thread 0x000001940f15c960 DEOPT PACKING pc=0x0000019414aa5749 sp=0x00000060836fe4f0
Event: 20.950 Thread 0x000001940f15c960 DEOPT UNPACKING pc=0x000001941bc84242 sp=0x00000060836fd960 mode 0
Event: 20.951 Thread 0x000001940f15c960 DEOPT PACKING pc=0x0000019414aa5749 sp=0x00000060836fe4f0
Event: 20.951 Thread 0x000001940f15c960 DEOPT UNPACKING pc=0x000001941bc84242 sp=0x00000060836fd960 mode 0
Event: 20.955 Thread 0x000001940f15c960 DEOPT PACKING pc=0x0000019414aa5749 sp=0x00000060836fe4d0
Event: 20.955 Thread 0x000001940f15c960 DEOPT UNPACKING pc=0x000001941bc84242 sp=0x00000060836fd940 mode 0
Event: 20.955 Thread 0x000001940f15c960 DEOPT PACKING pc=0x0000019414aa5749 sp=0x00000060836fe4d0
Event: 20.955 Thread 0x000001940f15c960 DEOPT UNPACKING pc=0x000001941bc84242 sp=0x00000060836fd940 mode 0
Event: 21.040 Thread 0x000001940f15c960 Uncommon trap: trap_request=0xffffff45 fr.pc=0x000001941c2809fc relative=0x000000000000091c
Event: 21.040 Thread 0x000001940f15c960 Uncommon trap: reason=unstable_if action=reinterpret pc=0x000001941c2809fc method=java.util.HashMap.putVal(ILjava/lang/Object;Ljava/lang/Object;ZZ)Ljava/lang/Object; @ 81 c2
Event: 21.040 Thread 0x000001940f15c960 DEOPT PACKING pc=0x000001941c2809fc sp=0x00000060836fe9e0
Event: 21.040 Thread 0x000001940f15c960 DEOPT UNPACKING pc=0x000001941bc83aa2 sp=0x00000060836fe8f0 mode 2
Event: 21.040 Thread 0x000001940f15c960 Uncommon trap: trap_request=0xffffff45 fr.pc=0x000001941c26f788 relative=0x00000000000008a8
Event: 21.040 Thread 0x000001940f15c960 Uncommon trap: reason=unstable_if action=reinterpret pc=0x000001941c26f788 method=java.util.HashMap.putVal(ILjava/lang/Object;Ljava/lang/Object;ZZ)Ljava/lang/Object; @ 81 c2
Event: 21.040 Thread 0x000001940f15c960 DEOPT PACKING pc=0x000001941c26f788 sp=0x00000060836fe920
Event: 21.040 Thread 0x000001940f15c960 DEOPT UNPACKING pc=0x000001941bc83aa2 sp=0x00000060836fe8e0 mode 2

Classes loaded (20 events):
Event: 6.065 Loading class java/net/ContentHandler
Event: 6.065 Loading class java/net/ContentHandler done
Event: 6.077 Loading class java/net/UrlDeserializedState
Event: 6.078 Loading class java/net/UrlDeserializedState done
Event: 6.080 Loading class java/lang/reflect/InaccessibleObjectException
Event: 6.085 Loading class java/lang/reflect/InaccessibleObjectException done
Event: 6.090 Loading class java/lang/StackWalker$Option
Event: 6.090 Loading class java/lang/StackWalker$Option done
Event: 6.118 Loading class javax/xml/parsers/ParserConfigurationException
Event: 6.119 Loading class javax/xml/parsers/ParserConfigurationException done
Event: 6.123 Loading class java/security/KeyStoreException
Event: 6.124 Loading class java/security/KeyStoreException done
Event: 6.134 Loading class java/lang/Thread$Builder$OfPlatform
Event: 6.135 Loading class java/lang/Thread$Builder
Event: 6.135 Loading class java/lang/Thread$Builder done
Event: 6.135 Loading class java/lang/Thread$Builder$OfPlatform done
Event: 6.135 Loading class java/lang/Thread$Builder$OfVirtual
Event: 6.135 Loading class java/lang/Thread$Builder$OfVirtual done
Event: 20.461 Loading class java/util/MissingResourceException
Event: 20.461 Loading class java/util/MissingResourceException done

Classes unloaded (0 events):
No events

Classes redefined (0 events):
No events

Internal exceptions (20 events):
Event: 4.213 Thread 0x000001940f15c960 Exception <a 'java/lang/NoSuchMethodError'{0x00000000d6ab24e8}: 'java.lang.ClassLoader java.lang.ClassLoader.getPlatformClassLoader(java.lang.Class)'> (0x00000000d6ab24e8) 
thrown [s\src\hotspot\share\interpreter\linkResolver.cpp, line 773]
Event: 4.484 Thread 0x000001940f15c960 Exception <a 'java/lang/ClassNotFoundException'{0x00000000d55cbfd0}: sun/net/www/protocol/c/Handler> (0x00000000d55cbfd0) 
thrown [s\src\hotspot\share\classfile\systemDictionary.cpp, line 312]
Event: 4.484 Thread 0x000001940f15c960 Exception <a 'java/lang/ClassNotFoundException'{0x00000000d55cd330}: sun/net/www/protocol/d/Handler> (0x00000000d55cd330) 
thrown [s\src\hotspot\share\classfile\systemDictionary.cpp, line 312]
Event: 4.485 Thread 0x000001940f15c960 Exception <a 'java/lang/ClassNotFoundException'{0x00000000d55ce4b0}: sun/net/www/protocol/c/Handler> (0x00000000d55ce4b0) 
thrown [s\src\hotspot\share\classfile\systemDictionary.cpp, line 312]
Event: 4.496 Thread 0x000001940f15c960 Exception <a 'java/io/FileNotFoundException'{0x00000000d55f6a50}> (0x00000000d55f6a50) 
thrown [s\src\hotspot\share\prims\jni.cpp, line 520]
Event: 4.543 Thread 0x000001940f15c960 Implicit null exception at 0x000001941c22a0a9 to 0x000001941c22a970
Event: 4.543 Thread 0x000001940f15c960 Implicit null exception at 0x000001941c23cd9a to 0x000001941c23cfbc
Event: 4.544 Thread 0x000001940f15c960 Exception <a 'java/lang/NoSuchMethodError'{0x00000000d57a5848}: 'void java.lang.invoke.DirectMethodHandle$Holder.invokeStatic(java.lang.Object, java.lang.Object, java.lang.Object, java.lang.Object)'> (0x00000000d57a5848) 
thrown [s\src\hotspot\share\interpreter\linkResolver.cpp, line 773]
Event: 4.546 Thread 0x000001940f15c960 Implicit null exception at 0x000001941c23161a to 0x000001941c23183c
Event: 4.546 Thread 0x000001940f15c960 Implicit null exception at 0x000001941c22ddc0 to 0x000001941c22de45
Event: 4.832 Thread 0x000001940f15c960 Exception <a 'java/lang/NoSuchMethodError'{0x00000000d5ba26a0}: 'int java.lang.invoke.DirectMethodHandle$Holder.invokeVirtual(java.lang.Object, java.lang.Object)'> (0x00000000d5ba26a0) 
thrown [s\src\hotspot\share\interpreter\linkResolver.cpp, line 773]
Event: 5.729 Thread 0x000001940f15c960 Exception <a 'java/lang/IncompatibleClassChangeError'{0x00000000d66a46f0}: Found class java.lang.Object, but interface was expected> (0x00000000d66a46f0) 
thrown [s\src\hotspot\share\interpreter\linkResolver.cpp, line 840]
Event: 5.740 Thread 0x000001940f15c960 Exception <a 'java/lang/NoSuchMethodError'{0x00000000d66b3d38}: 'void java.lang.invoke.DirectMethodHandle$Holder.invokeInterface(java.lang.Object, java.lang.Object, java.lang.Object)'> (0x00000000d66b3d38) 
thrown [s\src\hotspot\share\interpreter\linkResolver.cpp, line 773]
Event: 5.956 Thread 0x000001940f15c960 Exception <a 'java/lang/NoSuchMethodError'{0x00000000d6828d68}: 'int java.lang.invoke.DirectMethodHandle$Holder.invokeStaticInit(java.lang.Object, java.lang.Object, java.lang.Object, java.lang.Object)'> (0x00000000d6828d68) 
thrown [s\src\hotspot\share\interpreter\linkResolver.cpp, line 773]
Event: 5.959 Thread 0x000001940f15c960 Exception <a 'java/lang/NoSuchMethodError'{0x00000000d68333f8}: 'void java.lang.invoke.DirectMethodHandle$Holder.invokeStaticInit(java.lang.Object, java.lang.Object)'> (0x00000000d68333f8) 
thrown [s\src\hotspot\share\interpreter\linkResolver.cpp, line 773]
Event: 5.960 Thread 0x000001940f15c960 Exception <a 'java/lang/NoSuchMethodError'{0x00000000d6838918}: 'int java.lang.invoke.DirectMethodHandle$Holder.invokeStaticInit(java.lang.Object, java.lang.Object)'> (0x00000000d6838918) 
thrown [s\src\hotspot\share\interpreter\linkResolver.cpp, line 773]
Event: 6.017 Thread 0x000001940f15c960 Exception <a 'java/lang/NoSuchMethodError'{0x00000000d6a202c8}: 'java.lang.Object java.lang.invoke.DirectMethodHandle$Holder.newInvokeSpecial(java.lang.Object, int, java.lang.Object)'> (0x00000000d6a202c8) 
thrown [s\src\hotspot\share\interpreter\linkResolver.cpp, line 773]
Event: 6.093 Thread 0x000001940f15c960 Exception <a 'java/lang/ClassNotFoundException'{0x00000000d6b9ac90}: sun/net/www/protocol/plurl/Handler> (0x00000000d6b9ac90) 
thrown [s\src\hotspot\share\classfile\systemDictionary.cpp, line 312]
Event: 6.093 Thread 0x000001940f15c960 Exception <a 'java/lang/ClassNotFoundException'{0x00000000d6b9bb10}: sun/net/www/protocol/plurl/Handler> (0x00000000d6b9bb10) 
thrown [s\src\hotspot\share\classfile\systemDictionary.cpp, line 312]
Event: 6.100 Thread 0x000001940f15c960 Exception <a 'java/lang/NoSuchMethodError'{0x00000000d6bdb298}: 'void java.lang.invoke.DirectMethodHandle$Holder.invokeSpecial(java.lang.Object, java.lang.Object, java.lang.Object)'> (0x00000000d6bdb298) 
thrown [s\src\hotspot\share\interpreter\linkResolver.cpp, line 773]

ZGC Phase Switch (0 events):
No events

VM Operations (20 events):
Event: 2.987 Executing VM operation: HandshakeAllThreads (Deoptimize)
Event: 2.988 Executing VM operation: HandshakeAllThreads (Deoptimize) done
Event: 2.988 Executing VM operation: Cleanup
Event: 2.988 Executing VM operation: Cleanup done
Event: 3.994 Executing VM operation: Cleanup
Event: 3.994 Executing VM operation: Cleanup done
Event: 4.448 Executing VM operation: HandshakeAllThreads (Deoptimize)
Event: 4.448 Executing VM operation: HandshakeAllThreads (Deoptimize) done
Event: 4.459 Executing VM operation: ParallelGCFailedAllocation (Allocation Failure)
Event: 4.471 Executing VM operation: ParallelGCFailedAllocation (Allocation Failure) done
Event: 5.478 Executing VM operation: Cleanup
Event: 5.555 Executing VM operation: Cleanup done
Event: 5.997 Executing VM operation: HandshakeAllThreads (Deoptimize)
Event: 5.997 Executing VM operation: HandshakeAllThreads (Deoptimize) done
Event: 6.088 Executing VM operation: HandshakeAllThreads (Deoptimize)
Event: 6.088 Executing VM operation: HandshakeAllThreads (Deoptimize) done
Event: 7.088 Executing VM operation: Cleanup
Event: 7.088 Executing VM operation: Cleanup done
Event: 20.466 Executing VM operation: ParallelGCFailedAllocation (Allocation Failure)
Event: 20.481 Executing VM operation: ParallelGCFailedAllocation (Allocation Failure) done

Memory protections (0 events):
No events

Nmethod flushes (0 events):
No events

Events (20 events):
Event: 0.561 Thread 0x000001940f15c960 Thread added: 0x0000019411484e30
Event: 0.562 Thread 0x000001940f15c960 Thread added: 0x0000019411499b40
Event: 0.623 Thread 0x000001940f15c960 Thread added: 0x000001946a7f3580
Event: 1.590 Thread 0x000001940f15c960 Thread added: 0x000001946a9f5d60
Event: 5.574 Thread 0x000001940f15c960 Thread added: 0x000001946f5055c0
Event: 5.643 Thread 0x000001946f5055c0 Thread added: 0x000001946f2f8640
Event: 5.666 Thread 0x000001940f15c960 Thread added: 0x000001946f2f8ca0
Event: 5.683 Thread 0x000001940f15c960 Thread added: 0x000001946f2f9300
Event: 5.691 Thread 0x000001940f15c960 Thread added: 0x000001946f4fd740
Event: 5.713 Thread 0x000001940f15c960 Thread added: 0x000001946f4fdda0
Event: 5.978 Thread 0x000001940f15c960 Thread added: 0x000001946f5590f0
Event: 15.661 Thread 0x000001946f5055c0 Thread exited: 0x000001946f5055c0
Event: 15.662 Thread 0x000001946f2f8640 Thread exited: 0x000001946f2f8640
Event: 15.690 Thread 0x000001946f2f8ca0 Thread exited: 0x000001946f2f8ca0
Event: 15.726 Thread 0x000001946f2f9300 Thread exited: 0x000001946f2f9300
Event: 15.730 Thread 0x000001946f4fdda0 Thread exited: 0x000001946f4fdda0
Event: 15.742 Thread 0x000001946f4fd740 Thread exited: 0x000001946f4fd740
Event: 20.459 Thread 0x000001940f15c960 Thread added: 0x000001946f55b1c0
Event: 20.462 Thread 0x000001940f15c960 Thread added: 0x000001946f559e10
Event: 21.046 Thread 0x000001940f15c960 Thread added: 0x000001946f557d40


Dynamic libraries:
0x00007ff7d2220000 - 0x00007ff7d222e000 	c:\Users\Admin\.vscode\extensions\redhat.java-1.45.0-win32-x64\jre\21.0.8-win32-x86_64\bin\java.exe
0x00007ff9bfa50000 - 0x00007ff9bfc48000 	C:\Windows\SYSTEM32\ntdll.dll
0x00007ff9bf3f0000 - 0x00007ff9bf4ad000 	C:\Windows\System32\KERNEL32.DLL
0x00007ff9bd450000 - 0x00007ff9bd746000 	C:\Windows\System32\KERNELBASE.dll
0x00007ff9ba540000 - 0x00007ff9ba5d0000 	C:\Windows\SYSTEM32\apphelp.dll
0x00007ff9bd290000 - 0x00007ff9bd390000 	C:\Windows\System32\ucrtbase.dll
0x00007ff979f60000 - 0x00007ff979f7e000 	c:\Users\Admin\.vscode\extensions\redhat.java-1.45.0-win32-x64\jre\21.0.8-win32-x86_64\bin\VCRUNTIME140.dll
0x00007ff97ae50000 - 0x00007ff97ae68000 	c:\Users\Admin\.vscode\extensions\redhat.java-1.45.0-win32-x64\jre\21.0.8-win32-x86_64\bin\jli.dll
0x00007ff9be510000 - 0x00007ff9be6ae000 	C:\Windows\System32\USER32.dll
0x00007ff9bd390000 - 0x00007ff9bd3b2000 	C:\Windows\System32\win32u.dll
0x00007ff9a42c0000 - 0x00007ff9a455a000 	C:\Windows\WinSxS\amd64_microsoft.windows.common-controls_6595b64144ccf1df_6.0.19041.3636_none_60b6a03d71f818d5\COMCTL32.dll
0x00007ff9be190000 - 0x00007ff9be1bc000 	C:\Windows\System32\GDI32.dll
0x00007ff9bf970000 - 0x00007ff9bfa0e000 	C:\Windows\System32\msvcrt.dll
0x00007ff9bd170000 - 0x00007ff9bd28a000 	C:\Windows\System32\gdi32full.dll
0x00007ff9bd8a0000 - 0x00007ff9bd93d000 	C:\Windows\System32\msvcp_win.dll
0x00007ff9bdb10000 - 0x00007ff9bdb40000 	C:\Windows\System32\IMM32.DLL
0x00007ff9abae0000 - 0x00007ff9abaec000 	c:\Users\Admin\.vscode\extensions\redhat.java-1.45.0-win32-x64\jre\21.0.8-win32-x86_64\bin\vcruntime140_1.dll
0x00007ff9635c0000 - 0x00007ff96364d000 	c:\Users\Admin\.vscode\extensions\redhat.java-1.45.0-win32-x64\jre\21.0.8-win32-x86_64\bin\msvcp140.dll
0x00007ff950d30000 - 0x00007ff951ac7000 	c:\Users\Admin\.vscode\extensions\redhat.java-1.45.0-win32-x64\jre\21.0.8-win32-x86_64\bin\server\jvm.dll
0x00007ff9beb30000 - 0x00007ff9bebe3000 	C:\Windows\System32\ADVAPI32.dll
0x00007ff9bf8d0000 - 0x00007ff9bf96f000 	C:\Windows\System32\sechost.dll
0x00007ff9bf5a0000 - 0x00007ff9bf6c6000 	C:\Windows\System32\RPCRT4.dll
0x00007ff9bd750000 - 0x00007ff9bd777000 	C:\Windows\System32\bcrypt.dll
0x00007ff9be250000 - 0x00007ff9be2bb000 	C:\Windows\System32\WS2_32.dll
0x00007ff9bc670000 - 0x00007ff9bc6bb000 	C:\Windows\SYSTEM32\POWRPROF.dll
0x00007ff9a2d00000 - 0x00007ff9a2d27000 	C:\Windows\SYSTEM32\WINMM.dll
0x00007ff9b58f0000 - 0x00007ff9b58fa000 	C:\Windows\SYSTEM32\VERSION.dll
0x00007ff9bc530000 - 0x00007ff9bc542000 	C:\Windows\SYSTEM32\UMPDC.dll
0x00007ff9bb950000 - 0x00007ff9bb962000 	C:\Windows\SYSTEM32\kernel.appcore.dll
0x00007ff9a93f0000 - 0x00007ff9a93fa000 	c:\Users\Admin\.vscode\extensions\redhat.java-1.45.0-win32-x64\jre\21.0.8-win32-x86_64\bin\jimage.dll
0x00007ff9bad00000 - 0x00007ff9baee4000 	C:\Windows\SYSTEM32\DBGHELP.DLL
0x00007ff989130000 - 0x00007ff989164000 	C:\Windows\SYSTEM32\dbgcore.DLL
0x00007ff9bd3c0000 - 0x00007ff9bd442000 	C:\Windows\System32\bcryptPrimitives.dll
0x00007ff9a9250000 - 0x00007ff9a925f000 	c:\Users\Admin\.vscode\extensions\redhat.java-1.45.0-win32-x64\jre\21.0.8-win32-x86_64\bin\instrument.dll
0x00007ff95dee0000 - 0x00007ff95deff000 	c:\Users\Admin\.vscode\extensions\redhat.java-1.45.0-win32-x64\jre\21.0.8-win32-x86_64\bin\java.dll
0x00007ff9beca0000 - 0x00007ff9bf3e5000 	C:\Windows\System32\SHELL32.dll
0x00007ff9bb1b0000 - 0x00007ff9bb94b000 	C:\Windows\SYSTEM32\windows.storage.dll
0x00007ff9bdc60000 - 0x00007ff9bdfb4000 	C:\Windows\System32\combase.dll
0x00007ff9bcb50000 - 0x00007ff9bcb7d000 	C:\Windows\SYSTEM32\Wldp.dll
0x00007ff9be460000 - 0x00007ff9be50d000 	C:\Windows\System32\SHCORE.dll
0x00007ff9be2c0000 - 0x00007ff9be315000 	C:\Windows\System32\shlwapi.dll
0x00007ff9bd050000 - 0x00007ff9bd075000 	C:\Windows\SYSTEM32\profapi.dll
0x00007ff957e50000 - 0x00007ff957e68000 	c:\Users\Admin\.vscode\extensions\redhat.java-1.45.0-win32-x64\jre\21.0.8-win32-x86_64\bin\zip.dll
0x00007ff9a8d90000 - 0x00007ff9a8da0000 	C:\Users\Admin\.vscode\extensions\redhat.java-1.45.0-win32-x64\jre\21.0.8-win32-x86_64\bin\net.dll
0x00007ff9b7c30000 - 0x00007ff9b7d3a000 	C:\Windows\SYSTEM32\WINHTTP.dll
0x00007ff9bc8b0000 - 0x00007ff9bc91a000 	C:\Windows\system32\mswsock.dll
0x00007ff957e00000 - 0x00007ff957e16000 	C:\Users\Admin\.vscode\extensions\redhat.java-1.45.0-win32-x64\jre\21.0.8-win32-x86_64\bin\nio.dll
0x00007ff9a41b0000 - 0x00007ff9a41c0000 	c:\Users\Admin\.vscode\extensions\redhat.java-1.45.0-win32-x64\jre\21.0.8-win32-x86_64\bin\verify.dll

JVMTI agents:
c:\Users\Admin\.vscode\extensions\redhat.java-1.45.0-win32-x64\lombok\lombok-1.18.39-4050.jar path:c:\Users\Admin\.vscode\extensions\redhat.java-1.45.0-win32-x64\jre\21.0.8-win32-x86_64\bin\instrument.dll, loaded, initialized, instrumentlib options:none

dbghelp: loaded successfully - version: 4.0.5 - missing functions: none
symbol engine: initialized successfully - sym options: 0x614 - pdb path: .;c:\Users\Admin\.vscode\extensions\redhat.java-1.45.0-win32-x64\jre\21.0.8-win32-x86_64\bin;C:\Windows\SYSTEM32;C:\Windows\WinSxS\amd64_microsoft.windows.common-controls_6595b64144ccf1df_6.0.19041.3636_none_60b6a03d71f818d5;c:\Users\Admin\.vscode\extensions\redhat.java-1.45.0-win32-x64\jre\21.0.8-win32-x86_64\bin\server

VM Arguments:
jvm_args: --add-modules=ALL-SYSTEM --add-opens=java.base/java.util=ALL-UNNAMED --add-opens=java.base/java.lang=ALL-UNNAMED --add-opens=java.base/sun.nio.fs=ALL-UNNAMED -Declipse.application=org.eclipse.jdt.ls.core.id1 -Dosgi.bundles.defaultStartLevel=4 -Declipse.product=org.eclipse.jdt.ls.core.product -Djava.import.generatesMetadataFilesAtProjectRoot=false -DDetectVMInstallationsJob.disabled=true -Dfile.encoding=utf8 -XX:+UseParallelGC -XX:GCTimeRatio=4 -XX:AdaptiveSizePolicyWeight=90 -Dsun.zip.disableMemoryMapping=true -Xmx2G -Xms100m -Xlog:disable -javaagent:c:\Users\Admin\.vscode\extensions\redhat.java-1.45.0-win32-x64\lombok\lombok-1.18.39-4050.jar -XX:+HeapDumpOnOutOfMemoryError -XX:HeapDumpPath=c:\Users\Admin\AppData\Roaming\Code\User\workspaceStorage\e1ef7433ddd18fa6247ea0c0398211e3\redhat.java -Daether.dependencyCollector.impl=bf 
java_command: c:\Users\Admin\.vscode\extensions\redhat.java-1.45.0-win32-x64\server\plugins\org.eclipse.equinox.launcher_1.7.0.v20250519-0528.jar -configuration c:\Users\Admin\AppData\Roaming\Code\User\globalStorage\redhat.java\1.45.0\config_win -data c:\Users\Admin\AppData\Roaming\Code\User\workspaceStorage\e1ef7433ddd18fa6247ea0c0398211e3\redhat.java\jdt_ws --pipe=\\.\pipe\lsp-24886731f9155d40a2d4612b19c6162e-sock
java_class_path (initial): c:\Users\Admin\.vscode\extensions\redhat.java-1.45.0-win32-x64\server\plugins\org.eclipse.equinox.launcher_1.7.0.v20250519-0528.jar
Launcher Type: SUN_STANDARD

[Global flags]
    uintx AdaptiveSizePolicyWeight                 = 90                                        {product} {command line}
     intx CICompilerCount                          = 4                                         {product} {ergonomic}
    uintx GCTimeRatio                              = 4                                         {product} {command line}
     bool HeapDumpOnOutOfMemoryError               = true                                   {manageable} {command line}
    ccstr HeapDumpPath                             = c:\Users\Admin\AppData\Roaming\Code\User\workspaceStorage\e1ef7433ddd18fa6247ea0c0398211e3\redhat.java         {manageable} {command line}
   size_t InitialHeapSize                          = 104857600                                 {product} {command line}
   size_t MaxHeapSize                              = 2147483648                                {product} {command line}
   size_t MaxNewSize                               = 715653120                                 {product} {ergonomic}
   size_t MinHeapDeltaBytes                        = 524288                                    {product} {ergonomic}
   size_t MinHeapSize                              = 104857600                                 {product} {command line}
   size_t NewSize                                  = 34603008                                  {product} {ergonomic}
    uintx NonNMethodCodeHeapSize                   = 5839372                                {pd product} {ergonomic}
    uintx NonProfiledCodeHeapSize                  = 122909434                              {pd product} {ergonomic}
   size_t OldSize                                  = 70254592                                  {product} {ergonomic}
    uintx ProfiledCodeHeapSize                     = 122909434                              {pd product} {ergonomic}
    uintx ReservedCodeCacheSize                    = 251658240                              {pd product} {ergonomic}
     bool SegmentedCodeCache                       = true                                      {product} {ergonomic}
   size_t SoftMaxHeapSize                          = 2147483648                             {manageable} {ergonomic}
     bool UseCompressedOops                        = true                           {product lp64_product} {ergonomic}
     bool UseLargePagesIndividualAllocation        = false                                  {pd product} {ergonomic}
     bool UseParallelGC                            = true                                      {product} {command line}

Logging:
Log output configuration:
 #0: stdout all=off uptime,level,tags foldmultilines=false
 #1: stderr all=off uptime,level,tags foldmultilines=false

Environment Variables:
JAVA_HOME=D:\Adobe Illustrator 2023 v27.1.1.196 (x64) Multilingual1\jbr
PATH=C:\Program Files\Common Files\Oracle\Java\javapath;C:\Program Files (x86)\VMware\VMware Workstation\bin\;C:\Windows\system32;C:\Windows;C:\Windows\System32\Wbem;C:\Windows\System32\WindowsPowerShell\v1.0\;C:\Windows\System32\OpenSSH\;C:\Program Files (x86)\Windows Live\Shared;C:\Program Files\dotnet\;C:\Program Files\Git\cmd;C:\Program Files (x86)\Windows Kits\10\Windows Performance Toolkit\;C:\Users\Admin\AppData\Local\Programs\Python\Python313\Scripts\;C:\Users\Admin\AppData\Local\Programs\Python\Python313\;C:\Users\Admin\AppData\Local\Programs\Python\Launcher\;C:\Users\Admin\AppData\Local\Microsoft\WindowsApps;C:\Users\Admin\AppData\Local\Programs\Microsoft VS Code\bin;C:\Users\Admin\.dotnet\tools;D:\Adobe Illustrator 2023 v27.1.1.196 (x64) Multilingual1\jbr\bin;
USERNAME=Admin
OS=Windows_NT
PROCESSOR_IDENTIFIER=Intel64 Family 6 Model 142 Stepping 12, GenuineIntel
TMP=C:\Users\Admin\AppData\Local\Temp
TEMP=C:\Users\Admin\AppData\Local\Temp




Periodic native trim disabled

---------------  S Y S T E M  ---------------

OS:
 Windows 10 , 64 bit Build 19041 (10.0.19041.3636)
OS uptime: 18 days 18:55 hours

CPU: total 8 (initial active 8) (4 cores per cpu, 2 threads per core) family 6 model 142 stepping 12 microcode 0xde, cx8, cmov, fxsr, ht, mmx, 3dnowpref, sse, sse2, sse3, ssse3, sse4.1, sse4.2, popcnt, lzcnt, tsc, tscinvbit, avx, avx2, aes, erms, clmul, bmi1, bmi2, adx, fma, vzeroupper, clflush, clflushopt, rdtscp, f16c
Processor Information for the first 8 processors :
  Max Mhz: 2112, Current Mhz: 1609, Mhz Limit: 1605

Memory: 4k page, system-wide physical 11884M (259M free)
TotalPageFile size 23404M (AvailPageFile size 2M)
current process WorkingSet (physical memory assigned to process): 95M, peak: 95M
current process commit charge ("private bytes"): 244M, peak: 244M

vm_info: OpenJDK 64-Bit Server VM (21.0.8+9-LTS) for windows-amd64 JRE (21.0.8+9-LTS), built on 2025-07-15T00:00:00Z by "admin" with MS VC++ 17.7 (VS2022)

END.
